[1740930336.938226] Started with clock speed 3
[1740930336.9395132] Internal Event | Logical Clock: 1
[1740930337.288117] Sent message to Machine 5001 | Logical Clock: 2
[1740930337.611089] Queued message from Machine 2 with timestamp 9
[1740930337.616315] Processed message from Machine 2 | Logical Clock: 10
[1740930337.618402] Sent message to Machine 5001 | Logical Clock: 11
[1740930337.621093] Sent message to Machine 5002 | Logical Clock: 12
[1740930337.946112] Queued message from Machine 2 with timestamp 17
[1740930337.95058] Processed message from Machine 2 | Logical Clock: 18
[1740930337.950649] Internal Event | Logical Clock: 19
[1740930338.28928] Internal Event | Logical Clock: 20
[1740930338.459656] Queued message from Machine 2 with timestamp 21
[1740930338.562484] Queued message from Machine 1 with timestamp 19
[1740930338.625254] Processed message from Machine 2 | Logical Clock: 22
[1740930338.625383] Internal Event | Logical Clock: 23
[1740930338.626465] Queued message from Machine 2 with timestamp 24
[1740930338.9639199] Processed message from Machine 1 | Logical Clock: 24
[1740930338.9644501] Internal Event | Logical Clock: 25
[1740930339.1414368] Queued message from Machine 2 with timestamp 29
[1740930339.300879] Processed message from Machine 2 | Logical Clock: 26
[1740930339.3010938] Internal Event | Logical Clock: 27
[1740930339.639575] Processed message from Machine 2 | Logical Clock: 30
[1740930339.640356] Internal Event | Logical Clock: 31
[1740930339.9792] Sent message to Machine 5002 | Logical Clock: 32
[1740930340.248406] Queued message from Machine 1 with timestamp 31
[1740930340.311983] Processed message from Machine 1 | Logical Clock: 33
[1740930340.3155751] Sent message to Machine 5001 | Logical Clock: 34
[1740930340.504969] Queued message from Machine 2 with timestamp 40
[1740930340.6504881] Processed message from Machine 2 | Logical Clock: 41
[1740930340.6567051] Sent message to Machine 5001 | Logical Clock: 42
[1740930340.989328] Internal Event | Logical Clock: 43
[1740930341.254163] Queued message from Machine 1 with timestamp 37
[1740930341.326586] Processed message from Machine 1 | Logical Clock: 44
[1740930341.3312068] Sent message to Machine 5002 | Logical Clock: 45
[1740930341.670691] Sent message to Machine 5001 | Logical Clock: 46
[1740930341.694323] Queued message from Machine 2 with timestamp 50
[1740930341.865736] Queued message from Machine 2 with timestamp 51
[1740930342.001109] Processed message from Machine 2 | Logical Clock: 51
[1740930342.001718] Internal Event | Logical Clock: 52
[1740930342.339822] Processed message from Machine 2 | Logical Clock: 53
[1740930342.3406348] Internal Event | Logical Clock: 54
[1740930342.600188] Queued message from Machine 1 with timestamp 49
[1740930342.6732008] Processed message from Machine 1 | Logical Clock: 55
[1740930342.673392] Internal Event | Logical Clock: 56
[1740930343.017003] Sent message to Machine 5001 | Logical Clock: 57
[1740930343.0209348] Sent message to Machine 5002 | Logical Clock: 58
[1740930343.234209] Queued message from Machine 2 with timestamp 62
[1740930343.34783] Processed message from Machine 2 | Logical Clock: 63
[1740930343.353259] Sent message to Machine 5001 | Logical Clock: 64
[1740930343.579998] Queued message from Machine 2 with timestamp 65
[1740930343.68318] Processed message from Machine 2 | Logical Clock: 66
[1740930343.683678] Internal Event | Logical Clock: 67
[1740930343.9547641] Queued message from Machine 1 with timestamp 60
[1740930344.021775] Processed message from Machine 1 | Logical Clock: 68
[1740930344.0259159] Sent message to Machine 5002 | Logical Clock: 69
[1740930344.257812] Queued message from Machine 2 with timestamp 73
[1740930344.359802] Processed message from Machine 2 | Logical Clock: 74
[1740930344.361581] Sent message to Machine 5001 | Logical Clock: 75
[1740930344.417929] Queued message from Machine 2 with timestamp 75
[1740930344.6984909] Processed message from Machine 2 | Logical Clock: 76
[1740930344.6991] Internal Event | Logical Clock: 77
[1740930344.7659929] Queued message from Machine 2 with timestamp 78
[1740930344.9332979] Queued message from Machine 2 with timestamp 79
[1740930345.036183] Processed message from Machine 2 | Logical Clock: 79
[1740930345.042412] Sent message to Machine 5001 | Logical Clock: 80
[1740930345.046286] Sent message to Machine 5002 | Logical Clock: 81
[1740930345.3706949] Processed message from Machine 2 | Logical Clock: 82
[1740930345.3731132] Sent message to Machine 5001 | Logical Clock: 83
[1740930345.4409091] Queued message from Machine 2 with timestamp 85
[1740930345.709367] Processed message from Machine 2 | Logical Clock: 86
[1740930345.7173371] Sent message to Machine 5001 | Logical Clock: 87
[1740930345.725049] Sent message to Machine 5002 | Logical Clock: 88
[1740930345.977514] Queued message from Machine 1 with timestamp 78
[1740930346.0477598] Processed message from Machine 1 | Logical Clock: 89
[1740930346.0482738] Internal Event | Logical Clock: 90
[1740930346.299017] Queued message from Machine 2 with timestamp 95
[1740930346.381629] Processed message from Machine 2 | Logical Clock: 96
[1740930346.382198] Internal Event | Logical Clock: 97
[1740930346.726379] Sent message to Machine 5001 | Logical Clock: 98
[1740930346.734027] Sent message to Machine 5002 | Logical Clock: 99
[1740930347.06041] Sent message to Machine 5001 | Logical Clock: 100
[1740930347.3142002] Queued message from Machine 2 with timestamp 104
[1740930347.389666] Processed message from Machine 2 | Logical Clock: 105
[1740930347.3901582] Internal Event | Logical Clock: 106
[1740930347.726816] Internal Event | Logical Clock: 107
[1740930348.062708] Internal Event | Logical Clock: 108
[1740930348.3411689] Queued message from Machine 2 with timestamp 111
[1740930348.401279] Processed message from Machine 2 | Logical Clock: 112
[1740930348.401802] Internal Event | Logical Clock: 113
[1740930348.7402701] Internal Event | Logical Clock: 114
[1740930349.077651] Internal Event | Logical Clock: 115
[1740930349.193481] Queued message from Machine 2 with timestamp 116
[1740930349.3592489] Queued message from Machine 2 with timestamp 117
[1740930349.411999] Processed message from Machine 2 | Logical Clock: 117
[1740930349.4121542] Internal Event | Logical Clock: 118
[1740930349.75062] Processed message from Machine 2 | Logical Clock: 119
[1740930349.75123] Internal Event | Logical Clock: 120
[1740930350.089174] Internal Event | Logical Clock: 121
[1740930350.2178931] Queued message from Machine 2 with timestamp 123
[1740930350.4244008] Processed message from Machine 2 | Logical Clock: 124
[1740930350.424564] Internal Event | Logical Clock: 125
[1740930350.7632608] Internal Event | Logical Clock: 126
[1740930351.046332] Queued message from Machine 1 with timestamp 127
[1740930351.0706198] Queued message from Machine 2 with timestamp 130
[1740930351.0972989] Processed message from Machine 1 | Logical Clock: 128
[1740930351.09769] Internal Event | Logical Clock: 129
[1740930351.2436302] Queued message from Machine 2 with timestamp 131
[1740930351.377123] Queued message from Machine 1 with timestamp 131
[1740930351.435891] Processed message from Machine 2 | Logical Clock: 131
[1740930351.436884] Internal Event | Logical Clock: 132
[1740930351.7738109] Processed message from Machine 2 | Logical Clock: 133
[1740930351.774463] Internal Event | Logical Clock: 134
[1740930351.925107] Queued message from Machine 2 with timestamp 135
[1740930352.1102972] Processed message from Machine 1 | Logical Clock: 135
[1740930352.115746] Sent message to Machine 5001 | Logical Clock: 136
[1740930352.2639701] Queued message from Machine 2 with timestamp 137
[1740930352.448141] Processed message from Machine 2 | Logical Clock: 137
[1740930352.454426] Sent message to Machine 5001 | Logical Clock: 138
[1740930352.462008] Sent message to Machine 5002 | Logical Clock: 139
[1740930352.601064] Queued message from Machine 2 with timestamp 142
[1740930352.7228951] Queued message from Machine 1 with timestamp 141
[1740930352.770721] Queued message from Machine 2 with timestamp 144
[1740930352.784459] Processed message from Machine 2 | Logical Clock: 140
[1740930352.784786] Internal Event | Logical Clock: 141
[1740930352.94401] Queued message from Machine 2 with timestamp 145
[1740930353.060174] Queued message from Machine 1 with timestamp 143
[1740930353.121161] Processed message from Machine 2 | Logical Clock: 143
[1740930353.12413] Internal Event | Logical Clock: 144
[1740930353.4595761] Processed message from Machine 1 | Logical Clock: 145
[1740930353.460305] Internal Event | Logical Clock: 146
[1740930353.791873] Queued message from Machine 2 with timestamp 150
[1740930353.7935302] Processed message from Machine 2 | Logical Clock: 147
[1740930353.79722] Sent message to Machine 5001 | Logical Clock: 148
[1740930353.800131] Sent message to Machine 5002 | Logical Clock: 149
[1740930353.965465] Queued message from Machine 2 with timestamp 152
[1740930354.0743449] Queued message from Machine 1 with timestamp 152
[1740930354.1320782] Processed message from Machine 2 | Logical Clock: 150
[1740930354.133112] Internal Event | Logical Clock: 151
[1740930354.133352] Queued message from Machine 2 with timestamp 153
[1740930354.467496] Processed message from Machine 1 | Logical Clock: 152
[1740930354.46802] Internal Event | Logical Clock: 153
[1740930354.80152] Processed message from Machine 2 | Logical Clock: 154
[1740930354.8022258] Internal Event | Logical Clock: 155
[1740930355.13553] Processed message from Machine 2 | Logical Clock: 156
[1740930355.1362681] Internal Event | Logical Clock: 157
[1740930355.473073] Processed message from Machine 1 | Logical Clock: 158
[1740930355.473228] Internal Event | Logical Clock: 159
[1740930355.811921] Processed message from Machine 2 | Logical Clock: 160
[1740930355.812628] Internal Event | Logical Clock: 161
[1740930356.1086621] Queued message from Machine 1 with timestamp 159
[1740930356.1494222] Processed message from Machine 1 | Logical Clock: 162
[1740930356.1524348] Sent message to Machine 5001 | Logical Clock: 163
[1740930356.154678] Sent message to Machine 5002 | Logical Clock: 164
[1740930356.488071] Internal Event | Logical Clock: 165
[1740930356.523485] Queued message from Machine 2 with timestamp 169
[1740930356.825114] Processed message from Machine 2 | Logical Clock: 170
[1740930356.825972] Internal Event | Logical Clock: 171
[1740930357.160418] Internal Event | Logical Clock: 172
[1740930357.2090409] Queued message from Machine 2 with timestamp 174
[1740930357.379035] Queued message from Machine 2 with timestamp 176
[1740930357.447144] Queued message from Machine 1 with timestamp 176
[1740930357.498376] Processed message from Machine 2 | Logical Clock: 175
[1740930357.500293] Sent message to Machine 5001 | Logical Clock: 176
[1740930357.501517] Sent message to Machine 5002 | Logical Clock: 177
[1740930357.797215] Queued message from Machine 1 with timestamp 179
[1740930357.836142] Processed message from Machine 2 | Logical Clock: 178
[1740930357.836402] Internal Event | Logical Clock: 179
[1740930358.174753] Processed message from Machine 1 | Logical Clock: 180
[1740930358.180958] Sent message to Machine 5001 | Logical Clock: 181
[1740930358.189295] Sent message to Machine 5002 | Logical Clock: 182
[1740930358.2276711] Queued message from Machine 2 with timestamp 185
[1740930358.510989] Processed message from Machine 1 | Logical Clock: 183
[1740930358.511651] Internal Event | Logical Clock: 184
[1740930358.735137] Queued message from Machine 2 with timestamp 188
[1740930358.846774] Processed message from Machine 2 | Logical Clock: 186
[1740930358.8473222] Internal Event | Logical Clock: 187
[1740930359.182268] Processed message from Machine 2 | Logical Clock: 189
[1740930359.187176] Sent message to Machine 5001 | Logical Clock: 190
[1740930359.5173] Internal Event | Logical Clock: 191
[1740930359.806933] Queued message from Machine 1 with timestamp 196
[1740930359.856076] Processed message from Machine 1 | Logical Clock: 197
[1740930359.862705] Sent message to Machine 5001 | Logical Clock: 198
[1740930360.193389] Internal Event | Logical Clock: 199
[1740930360.264226] Queued message from Machine 2 with timestamp 197
[1740930360.479977] Queued message from Machine 1 with timestamp 202
[1740930360.5315478] Processed message from Machine 2 | Logical Clock: 200
[1740930360.5336509] Sent message to Machine 5002 | Logical Clock: 201
[1740930360.601527] Queued message from Machine 2 with timestamp 203
[1740930360.823793] Queued message from Machine 1 with timestamp 204
[1740930360.8655171] Processed message from Machine 1 | Logical Clock: 203
[1740930360.8661718] Internal Event | Logical Clock: 204
[1740930361.203995] Processed message from Machine 2 | Logical Clock: 205
[1740930361.2104561] Sent message to Machine 5001 | Logical Clock: 206
[1740930361.215183] Sent message to Machine 5002 | Logical Clock: 207
[1740930361.5394602] Processed message from Machine 1 | Logical Clock: 208
[1740930361.540268] Internal Event | Logical Clock: 209
[1740930361.8778088] Internal Event | Logical Clock: 210
[1740930361.964695] Queued message from Machine 2 with timestamp 215
[1740930362.213362] Processed message from Machine 2 | Logical Clock: 216
[1740930362.213818] Internal Event | Logical Clock: 217
[1740930362.302764] Queued message from Machine 2 with timestamp 217
[1740930362.550796] Processed message from Machine 2 | Logical Clock: 218
[1740930362.5510669] Internal Event | Logical Clock: 219
[1740930362.8152142] Queued message from Machine 2 with timestamp 222
[1740930362.889337] Processed message from Machine 2 | Logical Clock: 223
[1740930362.8935611] Sent message to Machine 5002 | Logical Clock: 224
[1740930363.235162] Sent message to Machine 5001 | Logical Clock: 225
[1740930363.5632808] Internal Event | Logical Clock: 226
[1740930363.9017758] Internal Event | Logical Clock: 227
[1740930364.177721] Queued message from Machine 2 with timestamp 233
[1740930364.238799] Processed message from Machine 2 | Logical Clock: 234
[1740930364.239038] Internal Event | Logical Clock: 235
[1740930364.58182] Sent message to Machine 5002 | Logical Clock: 236
[1740930364.9140868] Internal Event | Logical Clock: 237
[1740930365.25231] Sent message to Machine 5001 | Logical Clock: 238
[1740930365.5474749] Queued message from Machine 2 with timestamp 245
[1740930365.582834] Processed message from Machine 2 | Logical Clock: 246
[1740930365.5830772] Internal Event | Logical Clock: 247
[1740930365.9227068] Internal Event | Logical Clock: 248
[1740930366.217341] Queued message from Machine 1 with timestamp 243
[1740930366.256175] Processed message from Machine 1 | Logical Clock: 249
[1740930366.2591329] Sent message to Machine 5001 | Logical Clock: 250
[1740930366.594502] Internal Event | Logical Clock: 251
[1740930366.932357] Internal Event | Logical Clock: 252
[1740930367.2481458] Queued message from Machine 2 with timestamp 256
[1740930367.268654] Processed message from Machine 2 | Logical Clock: 257
[1740930367.2698848] Internal Event | Logical Clock: 258
[1740930367.560215] Queued message from Machine 1 with timestamp 256
[1740930367.6032] Processed message from Machine 1 | Logical Clock: 259
[1740930367.604613] Sent message to Machine 5002 | Logical Clock: 260
[1740930367.922782] Queued message from Machine 2 with timestamp 263
[1740930367.941579] Processed message from Machine 2 | Logical Clock: 264
[1740930367.941796] Internal Event | Logical Clock: 265
[1740930368.2802382] Internal Event | Logical Clock: 266
[1740930368.62286] Sent message to Machine 5001 | Logical Clock: 267
[1740930368.626383] Sent message to Machine 5002 | Logical Clock: 268
[1740930368.95616] Internal Event | Logical Clock: 269
[1740930369.116291] Queued message from Machine 2 with timestamp 272
[1740930369.290667] Processed message from Machine 2 | Logical Clock: 273
[1740930369.290942] Queued message from Machine 2 with timestamp 273
[1740930369.291113] Internal Event | Logical Clock: 274
[1740930369.4601011] Queued message from Machine 2 with timestamp 275
[1740930369.624436] Processed message from Machine 2 | Logical Clock: 275
[1740930369.629002] Sent message to Machine 5001 | Logical Clock: 276
[1740930369.959699] Processed message from Machine 2 | Logical Clock: 277
[1740930369.960302] Internal Event | Logical Clock: 278
[1740930370.2979999] Internal Event | Logical Clock: 279
[1740930370.48517] Queued message from Machine 2 with timestamp 282
[1740930370.635595] Processed message from Machine 2 | Logical Clock: 283
[1740930370.636414] Internal Event | Logical Clock: 284
[1740930370.9741251] Internal Event | Logical Clock: 285
[1740930371.176416] Queued message from Machine 2 with timestamp 287
[1740930371.312584] Processed message from Machine 2 | Logical Clock: 288
[1740930371.313141] Internal Event | Logical Clock: 289
[1740930371.6509] Internal Event | Logical Clock: 290
[1740930371.936769] Queued message from Machine 1 with timestamp 290
[1740930371.989865] Processed message from Machine 1 | Logical Clock: 291
[1740930371.995198] Sent message to Machine 5001 | Logical Clock: 292
[1740930372.327034] Internal Event | Logical Clock: 293
[1740930372.6643388] Internal Event | Logical Clock: 294
[1740930373.0097852] Sent message to Machine 5002 | Logical Clock: 295
[1740930373.341411] Internal Event | Logical Clock: 296
[1740930373.675592] Internal Event | Logical Clock: 297
[1740930373.969585] Queued message from Machine 1 with timestamp 311
[1740930374.0102038] Processed message from Machine 1 | Logical Clock: 312
[1740930374.010602] Internal Event | Logical Clock: 313
[1740930374.346669] Internal Event | Logical Clock: 314
[1740930374.6853728] Internal Event | Logical Clock: 315
[1740930375.028064] Sent message to Machine 5001 | Logical Clock: 316
[1740930375.033309] Sent message to Machine 5002 | Logical Clock: 317
[1740930375.363936] Sent message to Machine 5002 | Logical Clock: 318
[1740930375.697498] Internal Event | Logical Clock: 319
[1740930376.033325] Internal Event | Logical Clock: 320
[1740930376.3679209] Internal Event | Logical Clock: 321
[1740930376.711905] Sent message to Machine 5001 | Logical Clock: 322
[1740930376.995384] Queued message from Machine 1 with timestamp 326
[1740930377.0443149] Processed message from Machine 1 | Logical Clock: 327
[1740930377.044755] Internal Event | Logical Clock: 328
[1740930377.384779] Sent message to Machine 5001 | Logical Clock: 329
[1740930377.3882759] Sent message to Machine 5002 | Logical Clock: 330
[1740930377.477524] Queued message from Machine 2 with timestamp 336
[1740930377.717102] Processed message from Machine 2 | Logical Clock: 337
[1740930377.7175198] Internal Event | Logical Clock: 338
[1740930378.008787] Queued message from Machine 1 with timestamp 339
[1740930378.0524201] Processed message from Machine 1 | Logical Clock: 340
[1740930378.052619] Internal Event | Logical Clock: 341
[1740930378.324873] Queued message from Machine 2 with timestamp 342
[1740930378.389096] Processed message from Machine 2 | Logical Clock: 343
[1740930378.3894022] Internal Event | Logical Clock: 344
[1740930378.725485] Internal Event | Logical Clock: 345
[1740930379.069327] Sent message to Machine 5001 | Logical Clock: 346
[1740930379.3540092] Queued message from Machine 2 with timestamp 349
[1740930379.4022] Processed message from Machine 2 | Logical Clock: 350
[1740930379.4039402] Sent message to Machine 5001 | Logical Clock: 351
[1740930379.74528] Sent message to Machine 5001 | Logical Clock: 352
[1740930380.025954] Queued message from Machine 1 with timestamp 353
[1740930380.0392] Queued message from Machine 2 with timestamp 353
[1740930380.077416] Processed message from Machine 1 | Logical Clock: 354
[1740930380.0775738] Internal Event | Logical Clock: 355
[1740930380.410866] Processed message from Machine 2 | Logical Clock: 356
[1740930380.4157739] Sent message to Machine 5002 | Logical Clock: 358
[1740930380.553921] Queued message from Machine 2 with timestamp 361
[1740930380.7492821] Processed message from Machine 2 | Logical Clock: 362
[1740930380.749419] Internal Event | Logical Clock: 363
[1740930381.087907] Internal Event | Logical Clock: 364
