[2025-03-05 03:56:04.845826] Started with clock speed 2
[2025-03-05 03:56:04.852107] Queued message from Machine 1 with timestamp 1
[2025-03-05 03:56:04.852254] Sent message to Machine 5003 | Logical Clock: 1
[2025-03-05 03:56:05.351393] Processed message from Machine 1 | Logical Clock: 2 | Length of Queue: 0
[2025-03-05 03:56:05.854516] Internal Event | Logical Clock: 3
[2025-03-05 03:56:06.360012] Internal Event | Logical Clock: 4
[2025-03-05 03:56:06.363156] Queued message from Machine 1 with timestamp 5
[2025-03-05 03:56:06.864283] Processed message from Machine 1 | Logical Clock: 6 | Length of Queue: 0
[2025-03-05 03:56:06.866953] Queued message from Machine 1 with timestamp 7
[2025-03-05 03:56:07.366140] Processed message from Machine 1 | Logical Clock: 8 | Length of Queue: 0
[2025-03-05 03:56:07.367281] Queued message from Machine 1 with timestamp 9
[2025-03-05 03:56:07.870686] Queued message from Machine 3 with timestamp 10
[2025-03-05 03:56:07.871196] Processed message from Machine 1 | Logical Clock: 10 | Length of Queue: 1
[2025-03-05 03:56:08.375977] Processed message from Machine 3 | Logical Clock: 11 | Length of Queue: 0
[2025-03-05 03:56:08.382222] Queued message from Machine 3 with timestamp 12
[2025-03-05 03:56:08.880762] Processed message from Machine 3 | Logical Clock: 13 | Length of Queue: 0
[2025-03-05 03:56:09.391728] Sent message to Machine 5001 | Logical Clock: 14
[2025-03-05 03:56:09.895400] Sent message to Machine 5001 | Logical Clock: 15
[2025-03-05 03:56:10.394005] Internal Event | Logical Clock: 16
[2025-03-05 03:56:10.896454] Queued message from Machine 3 with timestamp 18
[2025-03-05 03:56:10.897029] Processed message from Machine 3 | Logical Clock: 19 | Length of Queue: 0
[2025-03-05 03:56:11.410780] Sent message to Machine 5003 | Logical Clock: 20
[2025-03-05 03:56:11.903272] Internal Event | Logical Clock: 21
[2025-03-05 03:56:12.411278] Sent message to Machine 5001 | Logical Clock: 22
[2025-03-05 03:56:12.909912] Internal Event | Logical Clock: 23
[2025-03-05 03:56:12.918507] Queued message from Machine 3 with timestamp 24
[2025-03-05 03:56:13.412004] Processed message from Machine 3 | Logical Clock: 25 | Length of Queue: 0
[2025-03-05 03:56:13.422535] Queued message from Machine 3 with timestamp 26
[2025-03-05 03:56:13.914917] Processed message from Machine 3 | Logical Clock: 27 | Length of Queue: 0
[2025-03-05 03:56:14.415517] Internal Event | Logical Clock: 28
[2025-03-05 03:56:14.914673] Queued message from Machine 1 with timestamp 28
[2025-03-05 03:56:14.920449] Processed message from Machine 1 | Logical Clock: 29 | Length of Queue: 0
[2025-03-05 03:56:15.424044] Sent message to Machine 5001 | Logical Clock: 30
[2025-03-05 03:56:15.428250] Sent message to Machine 5003 | Logical Clock: 31
[2025-03-05 03:56:15.923668] Internal Event | Logical Clock: 32
[2025-03-05 03:56:16.430092] Queued message from Machine 1 with timestamp 32
[2025-03-05 03:56:16.433403] Sent message to Machine 5001 | Logical Clock: 33
[2025-03-05 03:56:16.434417] Queued message from Machine 3 with timestamp 33
[2025-03-05 03:56:16.933533] Processed message from Machine 1 | Logical Clock: 34 | Length of Queue: 1
[2025-03-05 03:56:17.438269] Processed message from Machine 3 | Logical Clock: 35 | Length of Queue: 0
[2025-03-05 03:56:17.441591] Queued message from Machine 1 with timestamp 35
[2025-03-05 03:56:17.943193] Processed message from Machine 1 | Logical Clock: 36 | Length of Queue: 0
[2025-03-05 03:56:18.447308] Queued message from Machine 1 with timestamp 37
[2025-03-05 03:56:18.449248] Sent message to Machine 5003 | Logical Clock: 37
[2025-03-05 03:56:18.454332] Queued message from Machine 3 with timestamp 38
[2025-03-05 03:56:18.947744] Processed message from Machine 1 | Logical Clock: 38 | Length of Queue: 1
[2025-03-05 03:56:19.452944] Processed message from Machine 3 | Logical Clock: 39 | Length of Queue: 0
[2025-03-05 03:56:19.961510] Sent message to Machine 5001 | Logical Clock: 40
[2025-03-05 03:56:20.458987] Internal Event | Logical Clock: 41
[2025-03-05 03:56:20.469601] Queued message from Machine 3 with timestamp 43
[2025-03-05 03:56:20.963616] Processed message from Machine 3 | Logical Clock: 44 | Length of Queue: 0
[2025-03-05 03:56:21.467240] Internal Event | Logical Clock: 45
[2025-03-05 03:56:21.474004] Queued message from Machine 3 with timestamp 45
[2025-03-05 03:56:21.970466] Queued message from Machine 1 with timestamp 45
[2025-03-05 03:56:21.972219] Processed message from Machine 3 | Logical Clock: 46 | Length of Queue: 1
[2025-03-05 03:56:21.981608] Queued message from Machine 3 with timestamp 47
[2025-03-05 03:56:22.476935] Processed message from Machine 1 | Logical Clock: 47 | Length of Queue: 1
[2025-03-05 03:56:22.975836] Queued message from Machine 1 with timestamp 48
[2025-03-05 03:56:22.979418] Processed message from Machine 3 | Logical Clock: 48 | Length of Queue: 1
[2025-03-05 03:56:23.484655] Processed message from Machine 1 | Logical Clock: 49 | Length of Queue: 0
[2025-03-05 03:56:23.985613] Queued message from Machine 1 with timestamp 50
[2025-03-05 03:56:23.986918] Processed message from Machine 1 | Logical Clock: 51 | Length of Queue: 0
[2025-03-05 03:56:24.494790] Sent message to Machine 5003 | Logical Clock: 52
[2025-03-05 03:56:24.992145] Internal Event | Logical Clock: 53
[2025-03-05 03:56:25.500710] Queued message from Machine 1 with timestamp 54
[2025-03-05 03:56:25.501581] Sent message to Machine 5001 | Logical Clock: 54
[2025-03-05 03:56:25.506800] Sent message to Machine 5003 | Logical Clock: 55
[2025-03-05 03:56:26.002187] Processed message from Machine 1 | Logical Clock: 56 | Length of Queue: 0
[2025-03-05 03:56:26.511003] Sent message to Machine 5001 | Logical Clock: 57
[2025-03-05 03:56:27.011768] Sent message to Machine 5001 | Logical Clock: 58
[2025-03-05 03:56:27.513718] Sent message to Machine 5001 | Logical Clock: 59
[2025-03-05 03:56:27.521016] Sent message to Machine 5003 | Logical Clock: 60
[2025-03-05 03:56:28.010552] Internal Event | Logical Clock: 61
[2025-03-05 03:56:28.511872] Internal Event | Logical Clock: 62
[2025-03-05 03:56:28.529371] Queued message from Machine 3 with timestamp 63
[2025-03-05 03:56:29.015847] Processed message from Machine 3 | Logical Clock: 64 | Length of Queue: 0
[2025-03-05 03:56:29.525631] Sent message to Machine 5001 | Logical Clock: 65
[2025-03-05 03:56:29.530252] Sent message to Machine 5003 | Logical Clock: 66
[2025-03-05 03:56:30.030543] Sent message to Machine 5003 | Logical Clock: 67
[2025-03-05 03:56:30.535058] Sent message to Machine 5003 | Logical Clock: 68
[2025-03-05 03:56:31.035093] Internal Event | Logical Clock: 69
[2025-03-05 03:56:31.541539] Sent message to Machine 5003 | Logical Clock: 70
[2025-03-05 03:56:32.040982] Internal Event | Logical Clock: 71
[2025-03-05 03:56:32.546004] Internal Event | Logical Clock: 72
[2025-03-05 03:56:32.546832] Queued message from Machine 1 with timestamp 71
[2025-03-05 03:56:33.046987] Processed message from Machine 1 | Logical Clock: 73 | Length of Queue: 0
[2025-03-05 03:56:33.552489] Sent message to Machine 5001 | Logical Clock: 74
[2025-03-05 03:56:33.555887] Sent message to Machine 5003 | Logical Clock: 75
[2025-03-05 03:56:34.063661] Sent message to Machine 5003 | Logical Clock: 76
[2025-03-05 03:56:34.561653] Sent message to Machine 5001 | Logical Clock: 77
[2025-03-05 03:56:34.566572] Sent message to Machine 5003 | Logical Clock: 78
[2025-03-05 03:56:35.068387] Sent message to Machine 5001 | Logical Clock: 79
[2025-03-05 03:56:35.567990] Internal Event | Logical Clock: 80
[2025-03-05 03:56:36.063754] Queued message from Machine 1 with timestamp 81
[2025-03-05 03:56:36.069638] Processed message from Machine 1 | Logical Clock: 82 | Length of Queue: 0
[2025-03-05 03:56:36.572759] Internal Event | Logical Clock: 83
[2025-03-05 03:56:37.070490] Queued message from Machine 1 with timestamp 84
[2025-03-05 03:56:37.075951] Processed message from Machine 1 | Logical Clock: 85 | Length of Queue: 0
[2025-03-05 03:56:37.580351] Internal Event | Logical Clock: 86
[2025-03-05 03:56:37.591314] Queued message from Machine 3 with timestamp 87
[2025-03-05 03:56:38.080201] Queued message from Machine 1 with timestamp 87
[2025-03-05 03:56:38.082100] Processed message from Machine 3 | Logical Clock: 88 | Length of Queue: 1
[2025-03-05 03:56:38.098366] Queued message from Machine 3 with timestamp 89
[2025-03-05 03:56:38.583076] Processed message from Machine 1 | Logical Clock: 89 | Length of Queue: 1
[2025-03-05 03:56:39.088333] Processed message from Machine 3 | Logical Clock: 90 | Length of Queue: 0
[2025-03-05 03:56:39.594179] Sent message to Machine 5001 | Logical Clock: 91
[2025-03-05 03:56:40.093658] Internal Event | Logical Clock: 92
[2025-03-05 03:56:40.601771] Sent message to Machine 5001 | Logical Clock: 93
[2025-03-05 03:56:41.102200] Internal Event | Logical Clock: 94
[2025-03-05 03:56:41.607627] Queued message from Machine 1 with timestamp 96
[2025-03-05 03:56:41.610515] Sent message to Machine 5003 | Logical Clock: 95
[2025-03-05 03:56:42.112643] Processed message from Machine 1 | Logical Clock: 97 | Length of Queue: 0
[2025-03-05 03:56:42.617012] Queued message from Machine 3 with timestamp 98
[2025-03-05 03:56:42.621547] Sent message to Machine 5003 | Logical Clock: 98
[2025-03-05 03:56:43.122674] Processed message from Machine 3 | Logical Clock: 99 | Length of Queue: 0
[2025-03-05 03:56:43.623472] Internal Event | Logical Clock: 100
[2025-03-05 03:56:44.125575] Queued message from Machine 3 with timestamp 102
[2025-03-05 03:56:44.126656] Processed message from Machine 3 | Logical Clock: 103 | Length of Queue: 0
[2025-03-05 03:56:44.626824] Queued message from Machine 1 with timestamp 102
[2025-03-05 03:56:44.631419] Processed message from Machine 1 | Logical Clock: 104 | Length of Queue: 0
[2025-03-05 03:56:45.133720] Internal Event | Logical Clock: 105
[2025-03-05 03:56:45.644570] Sent message to Machine 5003 | Logical Clock: 106
[2025-03-05 03:56:46.137928] Queued message from Machine 1 with timestamp 106
[2025-03-05 03:56:46.141932] Processed message from Machine 1 | Logical Clock: 107 | Length of Queue: 0
[2025-03-05 03:56:46.643773] Queued message from Machine 1 with timestamp 107
[2025-03-05 03:56:46.647252] Sent message to Machine 5001 | Logical Clock: 108
[2025-03-05 03:56:46.651641] Sent message to Machine 5003 | Logical Clock: 109
[2025-03-05 03:56:47.146409] Processed message from Machine 1 | Logical Clock: 110 | Length of Queue: 0
[2025-03-05 03:56:47.649066] Internal Event | Logical Clock: 111
[2025-03-05 03:56:47.650502] Queued message from Machine 1 with timestamp 110
[2025-03-05 03:56:48.149745] Processed message from Machine 1 | Logical Clock: 112 | Length of Queue: 0
[2025-03-05 03:56:48.164906] Queued message from Machine 3 with timestamp 113
[2025-03-05 03:56:48.650509] Processed message from Machine 3 | Logical Clock: 114 | Length of Queue: 0
[2025-03-05 03:56:49.153108] Internal Event | Logical Clock: 115
[2025-03-05 03:56:49.658137] Internal Event | Logical Clock: 116
[2025-03-05 03:56:49.667014] Queued message from Machine 1 with timestamp 115
[2025-03-05 03:56:50.162444] Processed message from Machine 1 | Logical Clock: 117 | Length of Queue: 0
[2025-03-05 03:56:50.176001] Queued message from Machine 1 with timestamp 116
[2025-03-05 03:56:50.665938] Processed message from Machine 1 | Logical Clock: 118 | Length of Queue: 0
[2025-03-05 03:56:51.175926] Sent message to Machine 5001 | Logical Clock: 119
[2025-03-05 03:56:51.180272] Sent message to Machine 5003 | Logical Clock: 120
[2025-03-05 03:56:51.675607] Internal Event | Logical Clock: 121
[2025-03-05 03:56:52.179781] Internal Event | Logical Clock: 122
[2025-03-05 03:56:52.184877] Queued message from Machine 3 with timestamp 122
[2025-03-05 03:56:52.185228] Queued message from Machine 1 with timestamp 121
[2025-03-05 03:56:52.684957] Processed message from Machine 3 | Logical Clock: 123 | Length of Queue: 1
[2025-03-05 03:56:53.189821] Processed message from Machine 1 | Logical Clock: 124 | Length of Queue: 0
[2025-03-05 03:56:53.192605] Queued message from Machine 1 with timestamp 124
[2025-03-05 03:56:53.692058] Processed message from Machine 1 | Logical Clock: 125 | Length of Queue: 0
[2025-03-05 03:56:54.197064] Internal Event | Logical Clock: 126
[2025-03-05 03:56:54.699290] Internal Event | Logical Clock: 127
[2025-03-05 03:56:54.702892] Queued message from Machine 1 with timestamp 128
[2025-03-05 03:56:55.204084] Processed message from Machine 1 | Logical Clock: 129 | Length of Queue: 0
[2025-03-05 03:56:55.713337] Sent message to Machine 5001 | Logical Clock: 130
[2025-03-05 03:56:56.212084] Queued message from Machine 3 with timestamp 132
[2025-03-05 03:56:56.215468] Processed message from Machine 3 | Logical Clock: 133 | Length of Queue: 0
[2025-03-05 03:56:56.719725] Sent message to Machine 5001 | Logical Clock: 134
[2025-03-05 03:56:56.721609] Sent message to Machine 5003 | Logical Clock: 135
[2025-03-05 03:56:57.222700] Internal Event | Logical Clock: 136
[2025-03-05 03:56:57.733443] Queued message from Machine 3 with timestamp 138
[2025-03-05 03:56:57.735616] Sent message to Machine 5001 | Logical Clock: 137
[2025-03-05 03:56:58.233098] Processed message from Machine 3 | Logical Clock: 139 | Length of Queue: 0
[2025-03-05 03:56:58.735797] Internal Event | Logical Clock: 140
[2025-03-05 03:56:59.237901] Internal Event | Logical Clock: 141
[2025-03-05 03:56:59.239023] Queued message from Machine 3 with timestamp 142
[2025-03-05 03:56:59.742942] Processed message from Machine 3 | Logical Clock: 143 | Length of Queue: 0
[2025-03-05 03:56:59.745424] Queued message from Machine 3 with timestamp 144
[2025-03-05 03:57:00.245946] Processed message from Machine 3 | Logical Clock: 145 | Length of Queue: 0
[2025-03-05 03:57:00.250326] Queued message from Machine 3 with timestamp 146
[2025-03-05 03:57:00.748767] Processed message from Machine 3 | Logical Clock: 147 | Length of Queue: 0
[2025-03-05 03:57:01.253035] Internal Event | Logical Clock: 148
[2025-03-05 03:57:01.762486] Sent message to Machine 5001 | Logical Clock: 149
[2025-03-05 03:57:01.767591] Sent message to Machine 5003 | Logical Clock: 150
[2025-03-05 03:57:02.264135] Sent message to Machine 5001 | Logical Clock: 151
[2025-03-05 03:57:02.269120] Sent message to Machine 5003 | Logical Clock: 152
[2025-03-05 03:57:02.762419] Internal Event | Logical Clock: 153
[2025-03-05 03:57:03.273894] Sent message to Machine 5001 | Logical Clock: 154
[2025-03-05 03:57:03.776988] Sent message to Machine 5003 | Logical Clock: 155
[2025-03-05 03:57:04.278701] Sent message to Machine 5003 | Logical Clock: 156
[2025-03-05 03:57:04.775921] Sent message to Machine 5001 | Logical Clock: 157
