[2025-03-05 04:01:51.919581] Started with clock speed 6
[2025-03-05 04:01:51.923962] Queued message from Machine 3 with timestamp 1
[2025-03-05 04:01:51.924169] Sent message to Machine 5003 | Logical Clock: 1
[2025-03-05 04:01:52.091536] Processed message from Machine 3 | Logical Clock: 2 | Length of Queue: 0
[2025-03-05 04:01:52.263390] Internal Event | Logical Clock: 3
[2025-03-05 04:01:52.267373] Queued message from Machine 2 with timestamp 2
[2025-03-05 04:01:52.433883] Processed message from Machine 2 | Logical Clock: 4 | Length of Queue: 0
[2025-03-05 04:01:52.605666] Internal Event | Logical Clock: 5
[2025-03-05 04:01:52.739356] Queued message from Machine 3 with timestamp 5
[2025-03-05 04:01:52.776987] Processed message from Machine 3 | Logical Clock: 6 | Length of Queue: 0
[2025-03-05 04:01:52.946745] Queued message from Machine 3 with timestamp 7
[2025-03-05 04:01:52.948042] Processed message from Machine 3 | Logical Clock: 8 | Length of Queue: 0
[2025-03-05 04:01:53.125518] Sent message to Machine 5002 | Logical Clock: 9
[2025-03-05 04:01:53.130351] Sent message to Machine 5003 | Logical Clock: 10
[2025-03-05 04:01:53.291781] Internal Event | Logical Clock: 11
[2025-03-05 04:01:53.467257] Sent message to Machine 5002 | Logical Clock: 12
[2025-03-05 04:01:53.473494] Sent message to Machine 5003 | Logical Clock: 13
[2025-03-05 04:01:53.629563] Internal Event | Logical Clock: 14
[2025-03-05 04:01:53.807464] Sent message to Machine 5003 | Logical Clock: 15
[2025-03-05 04:01:53.977141] Sent message to Machine 5002 | Logical Clock: 16
[2025-03-05 04:01:53.980265] Sent message to Machine 5003 | Logical Clock: 17
[2025-03-05 04:01:54.149691] Sent message to Machine 5002 | Logical Clock: 18
[2025-03-05 04:01:54.154591] Sent message to Machine 5003 | Logical Clock: 19
[2025-03-05 04:01:54.316162] Sent message to Machine 5002 | Logical Clock: 20
[2025-03-05 04:01:54.317812] Sent message to Machine 5003 | Logical Clock: 21
[2025-03-05 04:01:54.485814] Internal Event | Logical Clock: 22
[2025-03-05 04:01:54.658080] Sent message to Machine 5002 | Logical Clock: 23
[2025-03-05 04:01:54.781061] Queued message from Machine 3 with timestamp 23
[2025-03-05 04:01:54.820393] Processed message from Machine 3 | Logical Clock: 24 | Length of Queue: 0
[2025-03-05 04:01:54.982522] Queued message from Machine 3 with timestamp 24
[2025-03-05 04:01:54.987482] Processed message from Machine 3 | Logical Clock: 25 | Length of Queue: 0
[2025-03-05 04:01:55.164653] Sent message to Machine 5002 | Logical Clock: 26
[2025-03-05 04:01:55.331673] Sent message to Machine 5003 | Logical Clock: 27
[2025-03-05 04:01:55.500872] Sent message to Machine 5003 | Logical Clock: 28
[2025-03-05 04:01:55.667404] Internal Event | Logical Clock: 29
[2025-03-05 04:01:55.844674] Sent message to Machine 5003 | Logical Clock: 30
[2025-03-05 04:01:56.007620] Internal Event | Logical Clock: 31
[2025-03-05 04:01:56.178539] Sent message to Machine 5002 | Logical Clock: 32
[2025-03-05 04:01:56.353530] Sent message to Machine 5002 | Logical Clock: 33
[2025-03-05 04:01:56.407688] Queued message from Machine 3 with timestamp 33
[2025-03-05 04:01:56.517320] Processed message from Machine 3 | Logical Clock: 34 | Length of Queue: 0
[2025-03-05 04:01:56.688817] Internal Event | Logical Clock: 35
[2025-03-05 04:01:56.817841] Queued message from Machine 3 with timestamp 36
[2025-03-05 04:01:56.860433] Processed message from Machine 3 | Logical Clock: 37 | Length of Queue: 0
[2025-03-05 04:01:57.034469] Sent message to Machine 5002 | Logical Clock: 38
[2025-03-05 04:01:57.207202] Internal Event | Logical Clock: 39
[2025-03-05 04:01:57.219866] Queued message from Machine 3 with timestamp 39
[2025-03-05 04:01:57.378010] Processed message from Machine 3 | Logical Clock: 40 | Length of Queue: 0
[2025-03-05 04:01:57.557220] Sent message to Machine 5002 | Logical Clock: 41
[2025-03-05 04:01:57.631185] Queued message from Machine 3 with timestamp 41
[2025-03-05 04:01:57.718396] Processed message from Machine 3 | Logical Clock: 42 | Length of Queue: 0
[2025-03-05 04:01:57.887626] Internal Event | Logical Clock: 43
[2025-03-05 04:01:58.057064] Sent message to Machine 5002 | Logical Clock: 44
[2025-03-05 04:01:58.058768] Sent message to Machine 5003 | Logical Clock: 45
[2025-03-05 04:01:58.231070] Sent message to Machine 5002 | Logical Clock: 46
[2025-03-05 04:01:58.233889] Sent message to Machine 5003 | Logical Clock: 47
[2025-03-05 04:01:58.399028] Sent message to Machine 5003 | Logical Clock: 48
[2025-03-05 04:01:58.573901] Sent message to Machine 5002 | Logical Clock: 49
[2025-03-05 04:01:58.577772] Sent message to Machine 5003 | Logical Clock: 50
[2025-03-05 04:01:58.744778] Sent message to Machine 5003 | Logical Clock: 51
[2025-03-05 04:01:58.907317] Internal Event | Logical Clock: 52
[2025-03-05 04:01:59.079010] Internal Event | Logical Clock: 53
[2025-03-05 04:01:59.257892] Sent message to Machine 5002 | Logical Clock: 54
[2025-03-05 04:01:59.264820] Sent message to Machine 5003 | Logical Clock: 55
[2025-03-05 04:01:59.426224] Sent message to Machine 5002 | Logical Clock: 56
[2025-03-05 04:01:59.428904] Sent message to Machine 5003 | Logical Clock: 57
[2025-03-05 04:01:59.590537] Internal Event | Logical Clock: 58
[2025-03-05 04:01:59.761870] Internal Event | Logical Clock: 59
[2025-03-05 04:01:59.935208] Sent message to Machine 5002 | Logical Clock: 60
[2025-03-05 04:02:00.102269] Internal Event | Logical Clock: 61
[2025-03-05 04:02:00.277857] Queued message from Machine 3 with timestamp 61
[2025-03-05 04:02:00.278970] Sent message to Machine 5002 | Logical Clock: 62
[2025-03-05 04:02:00.283011] Sent message to Machine 5003 | Logical Clock: 63
[2025-03-05 04:02:00.444586] Processed message from Machine 3 | Logical Clock: 64 | Length of Queue: 0
[2025-03-05 04:02:00.621808] Sent message to Machine 5003 | Logical Clock: 65
[2025-03-05 04:02:00.787037] Internal Event | Logical Clock: 66
[2025-03-05 04:02:00.956561] Internal Event | Logical Clock: 67
[2025-03-05 04:02:01.131268] Sent message to Machine 5003 | Logical Clock: 68
[2025-03-05 04:02:01.303578] Sent message to Machine 5002 | Logical Clock: 69
[2025-03-05 04:02:01.305658] Sent message to Machine 5003 | Logical Clock: 70
[2025-03-05 04:02:01.476261] Sent message to Machine 5002 | Logical Clock: 71
[2025-03-05 04:02:01.479599] Sent message to Machine 5003 | Logical Clock: 72
[2025-03-05 04:02:01.642360] Internal Event | Logical Clock: 73
[2025-03-05 04:02:01.817176] Sent message to Machine 5002 | Logical Clock: 74
[2025-03-05 04:02:01.821031] Sent message to Machine 5003 | Logical Clock: 75
[2025-03-05 04:02:01.981205] Internal Event | Logical Clock: 76
[2025-03-05 04:02:02.151275] Internal Event | Logical Clock: 77
[2025-03-05 04:02:02.326794] Sent message to Machine 5002 | Logical Clock: 78
[2025-03-05 04:02:02.493711] Sent message to Machine 5003 | Logical Clock: 79
[2025-03-05 04:02:02.662129] Sent message to Machine 5002 | Logical Clock: 80
[2025-03-05 04:02:02.828960] Internal Event | Logical Clock: 81
[2025-03-05 04:02:02.916012] Queued message from Machine 3 with timestamp 82
[2025-03-05 04:02:03.000633] Processed message from Machine 3 | Logical Clock: 83 | Length of Queue: 0
[2025-03-05 04:02:03.175439] Sent message to Machine 5002 | Logical Clock: 84
[2025-03-05 04:02:03.317930] Queued message from Machine 3 with timestamp 85
[2025-03-05 04:02:03.342244] Processed message from Machine 3 | Logical Clock: 86 | Length of Queue: 0
[2025-03-05 04:02:03.513825] Sent message to Machine 5002 | Logical Clock: 87
[2025-03-05 04:02:03.516586] Sent message to Machine 5003 | Logical Clock: 88
[2025-03-05 04:02:03.684819] Sent message to Machine 5002 | Logical Clock: 89
[2025-03-05 04:02:03.689914] Sent message to Machine 5003 | Logical Clock: 90
[2025-03-05 04:02:03.852480] Internal Event | Logical Clock: 91
[2025-03-05 04:02:04.020405] Internal Event | Logical Clock: 92
[2025-03-05 04:02:04.133609] Queued message from Machine 3 with timestamp 92
[2025-03-05 04:02:04.191895] Processed message from Machine 3 | Logical Clock: 93 | Length of Queue: 0
[2025-03-05 04:02:04.339179] Queued message from Machine 3 with timestamp 93
[2025-03-05 04:02:04.361435] Processed message from Machine 3 | Logical Clock: 94 | Length of Queue: 0
[2025-03-05 04:02:04.531412] Internal Event | Logical Clock: 95
[2025-03-05 04:02:04.542728] Queued message from Machine 3 with timestamp 94
[2025-03-05 04:02:04.699077] Processed message from Machine 3 | Logical Clock: 96 | Length of Queue: 0
[2025-03-05 04:02:04.871307] Internal Event | Logical Clock: 97
[2025-03-05 04:02:05.046819] Sent message to Machine 5003 | Logical Clock: 98
[2025-03-05 04:02:05.216193] Sent message to Machine 5002 | Logical Clock: 99
[2025-03-05 04:02:05.383540] Sent message to Machine 5003 | Logical Clock: 100
[2025-03-05 04:02:05.548794] Internal Event | Logical Clock: 101
[2025-03-05 04:02:05.721648] Sent message to Machine 5002 | Logical Clock: 102
[2025-03-05 04:02:05.726211] Sent message to Machine 5003 | Logical Clock: 103
[2025-03-05 04:02:05.888336] Internal Event | Logical Clock: 104
[2025-03-05 04:02:06.059973] Internal Event | Logical Clock: 105
[2025-03-05 04:02:06.167872] Queued message from Machine 3 with timestamp 106
[2025-03-05 04:02:06.229926] Processed message from Machine 3 | Logical Clock: 107 | Length of Queue: 0
[2025-03-05 04:02:06.375405] Queued message from Machine 3 with timestamp 108
[2025-03-05 04:02:06.401879] Processed message from Machine 3 | Logical Clock: 109 | Length of Queue: 0
[2025-03-05 04:02:06.574633] Sent message to Machine 5003 | Logical Clock: 110
[2025-03-05 04:02:06.744249] Sent message to Machine 5002 | Logical Clock: 111
[2025-03-05 04:02:06.748165] Sent message to Machine 5003 | Logical Clock: 112
[2025-03-05 04:02:06.910406] Internal Event | Logical Clock: 113
[2025-03-05 04:02:07.085035] Sent message to Machine 5002 | Logical Clock: 114
[2025-03-05 04:02:07.252058] Internal Event | Logical Clock: 115
[2025-03-05 04:02:07.423029] Internal Event | Logical Clock: 116
[2025-03-05 04:02:07.594526] Queued message from Machine 3 with timestamp 117
[2025-03-05 04:02:07.597593] Sent message to Machine 5002 | Logical Clock: 117
[2025-03-05 04:02:07.760927] Processed message from Machine 3 | Logical Clock: 118 | Length of Queue: 0
[2025-03-05 04:02:07.937611] Sent message to Machine 5003 | Logical Clock: 119
[2025-03-05 04:02:08.108980] Sent message to Machine 5003 | Logical Clock: 120
[2025-03-05 04:02:08.275358] Sent message to Machine 5002 | Logical Clock: 121
[2025-03-05 04:02:08.441844] Internal Event | Logical Clock: 122
[2025-03-05 04:02:08.612408] Internal Event | Logical Clock: 123
[2025-03-05 04:02:08.785980] Sent message to Machine 5002 | Logical Clock: 124
[2025-03-05 04:02:08.791702] Sent message to Machine 5003 | Logical Clock: 125
[2025-03-05 04:02:08.948362] Internal Event | Logical Clock: 126
[2025-03-05 04:02:09.125010] Sent message to Machine 5002 | Logical Clock: 127
[2025-03-05 04:02:09.232168] Queued message from Machine 3 with timestamp 128
[2025-03-05 04:02:09.292178] Processed message from Machine 3 | Logical Clock: 129 | Length of Queue: 0
[2025-03-05 04:02:09.434444] Queued message from Machine 3 with timestamp 129
[2025-03-05 04:02:09.461672] Processed message from Machine 3 | Logical Clock: 130 | Length of Queue: 0
[2025-03-05 04:02:09.633489] Internal Event | Logical Clock: 131
[2025-03-05 04:02:09.802332] Internal Event | Logical Clock: 132
[2025-03-05 04:02:09.842533] Queued message from Machine 3 with timestamp 131
[2025-03-05 04:02:09.970284] Processed message from Machine 3 | Logical Clock: 133 | Length of Queue: 0
[2025-03-05 04:02:10.141884] Internal Event | Logical Clock: 134
[2025-03-05 04:02:10.251406] Queued message from Machine 3 with timestamp 133
[2025-03-05 04:02:10.313384] Processed message from Machine 3 | Logical Clock: 135 | Length of Queue: 0
[2025-03-05 04:02:10.489937] Internal Event | Logical Clock: 136
[2025-03-05 04:02:10.657290] Internal Event | Logical Clock: 137
[2025-03-05 04:02:10.833310] Sent message to Machine 5002 | Logical Clock: 138
[2025-03-05 04:02:10.858540] Queued message from Machine 3 with timestamp 137
[2025-03-05 04:02:11.000720] Processed message from Machine 3 | Logical Clock: 139 | Length of Queue: 0
[2025-03-05 04:02:11.167732] Internal Event | Logical Clock: 140
[2025-03-05 04:02:11.262738] Queued message from Machine 3 with timestamp 140
[2025-03-05 04:02:11.338838] Processed message from Machine 3 | Logical Clock: 141 | Length of Queue: 0
[2025-03-05 04:02:11.514795] Sent message to Machine 5003 | Logical Clock: 142
[2025-03-05 04:02:11.685400] Sent message to Machine 5002 | Logical Clock: 143
[2025-03-05 04:02:11.691389] Sent message to Machine 5003 | Logical Clock: 144
[2025-03-05 04:02:11.851514] Internal Event | Logical Clock: 145
[2025-03-05 04:02:12.025563] Sent message to Machine 5002 | Logical Clock: 146
[2025-03-05 04:02:12.029347] Sent message to Machine 5003 | Logical Clock: 147
[2025-03-05 04:02:12.193905] Sent message to Machine 5003 | Logical Clock: 148
[2025-03-05 04:02:12.365915] Sent message to Machine 5002 | Logical Clock: 149
[2025-03-05 04:02:12.530991] Internal Event | Logical Clock: 150
[2025-03-05 04:02:12.694524] Queued message from Machine 3 with timestamp 151
[2025-03-05 04:02:12.701252] Processed message from Machine 3 | Logical Clock: 152 | Length of Queue: 0
[2025-03-05 04:02:12.873150] Internal Event | Logical Clock: 153
[2025-03-05 04:02:13.044408] Internal Event | Logical Clock: 154
[2025-03-05 04:02:13.104120] Queued message from Machine 3 with timestamp 153
[2025-03-05 04:02:13.216163] Processed message from Machine 3 | Logical Clock: 155 | Length of Queue: 0
[2025-03-05 04:02:13.392731] Sent message to Machine 5002 | Logical Clock: 156
[2025-03-05 04:02:13.509756] Queued message from Machine 3 with timestamp 155
[2025-03-05 04:02:13.555829] Processed message from Machine 3 | Logical Clock: 157 | Length of Queue: 0
[2025-03-05 04:02:13.712316] Queued message from Machine 3 with timestamp 157
[2025-03-05 04:02:13.722821] Processed message from Machine 3 | Logical Clock: 158 | Length of Queue: 0
[2025-03-05 04:02:13.899612] Sent message to Machine 5003 | Logical Clock: 159
[2025-03-05 04:02:14.072202] Sent message to Machine 5002 | Logical Clock: 160
[2025-03-05 04:02:14.076866] Sent message to Machine 5003 | Logical Clock: 161
[2025-03-05 04:02:14.241820] Sent message to Machine 5002 | Logical Clock: 162
[2025-03-05 04:02:14.245829] Sent message to Machine 5003 | Logical Clock: 163
[2025-03-05 04:02:14.408412] Internal Event | Logical Clock: 164
[2025-03-05 04:02:14.575685] Internal Event | Logical Clock: 165
[2025-03-05 04:02:14.745627] Internal Event | Logical Clock: 166
[2025-03-05 04:02:14.914594] Internal Event | Logical Clock: 167
[2025-03-05 04:02:15.086786] Sent message to Machine 5002 | Logical Clock: 168
[2025-03-05 04:02:15.091420] Sent message to Machine 5003 | Logical Clock: 169
[2025-03-05 04:02:15.249610] Internal Event | Logical Clock: 170
[2025-03-05 04:02:15.421594] Internal Event | Logical Clock: 171
[2025-03-05 04:02:15.527206] Queued message from Machine 2 with timestamp 170
[2025-03-05 04:02:15.591322] Processed message from Machine 2 | Logical Clock: 172 | Length of Queue: 0
[2025-03-05 04:02:15.766937] Sent message to Machine 5002 | Logical Clock: 173
[2025-03-05 04:02:15.771079] Sent message to Machine 5003 | Logical Clock: 174
[2025-03-05 04:02:15.938602] Sent message to Machine 5002 | Logical Clock: 175
[2025-03-05 04:02:15.942968] Sent message to Machine 5003 | Logical Clock: 176
[2025-03-05 04:02:16.109877] Sent message to Machine 5002 | Logical Clock: 177
[2025-03-05 04:02:16.114611] Sent message to Machine 5003 | Logical Clock: 178
[2025-03-05 04:02:16.276174] Internal Event | Logical Clock: 179
[2025-03-05 04:02:16.447958] Internal Event | Logical Clock: 180
[2025-03-05 04:02:16.619741] Internal Event | Logical Clock: 181
[2025-03-05 04:02:16.793968] Sent message to Machine 5003 | Logical Clock: 182
[2025-03-05 04:02:16.965384] Sent message to Machine 5002 | Logical Clock: 183
[2025-03-05 04:02:16.969564] Sent message to Machine 5003 | Logical Clock: 184
[2025-03-05 04:02:17.128598] Internal Event | Logical Clock: 185
[2025-03-05 04:02:17.299631] Internal Event | Logical Clock: 186
[2025-03-05 04:02:17.476287] Sent message to Machine 5003 | Logical Clock: 187
[2025-03-05 04:02:17.642414] Internal Event | Logical Clock: 188
[2025-03-05 04:02:17.816707] Sent message to Machine 5003 | Logical Clock: 189
[2025-03-05 04:02:17.987668] Sent message to Machine 5003 | Logical Clock: 190
[2025-03-05 04:02:18.157192] Sent message to Machine 5003 | Logical Clock: 191
[2025-03-05 04:02:18.223402] Queued message from Machine 2 with timestamp 191
[2025-03-05 04:02:18.321404] Processed message from Machine 2 | Logical Clock: 192 | Length of Queue: 0
[2025-03-05 04:02:18.492630] Internal Event | Logical Clock: 193
[2025-03-05 04:02:18.660638] Internal Event | Logical Clock: 194
[2025-03-05 04:02:18.835019] Sent message to Machine 5002 | Logical Clock: 195
[2025-03-05 04:02:18.840234] Sent message to Machine 5003 | Logical Clock: 196
[2025-03-05 04:02:18.998975] Internal Event | Logical Clock: 197
[2025-03-05 04:02:19.176005] Sent message to Machine 5003 | Logical Clock: 198
[2025-03-05 04:02:19.347855] Sent message to Machine 5003 | Logical Clock: 199
[2025-03-05 04:02:19.516330] Sent message to Machine 5002 | Logical Clock: 200
[2025-03-05 04:02:19.519562] Sent message to Machine 5003 | Logical Clock: 201
[2025-03-05 04:02:19.691128] Sent message to Machine 5002 | Logical Clock: 202
[2025-03-05 04:02:19.695032] Sent message to Machine 5003 | Logical Clock: 203
[2025-03-05 04:02:19.858388] Sent message to Machine 5002 | Logical Clock: 204
[2025-03-05 04:02:19.860449] Sent message to Machine 5003 | Logical Clock: 205
[2025-03-05 04:02:20.032737] Sent message to Machine 5002 | Logical Clock: 206
[2025-03-05 04:02:20.038477] Sent message to Machine 5003 | Logical Clock: 207
[2025-03-05 04:02:20.203560] Sent message to Machine 5003 | Logical Clock: 208
[2025-03-05 04:02:20.371003] Internal Event | Logical Clock: 209
[2025-03-05 04:02:20.545518] Sent message to Machine 5002 | Logical Clock: 210
[2025-03-05 04:02:20.624522] Queued message from Machine 3 with timestamp 210
[2025-03-05 04:02:20.707859] Processed message from Machine 3 | Logical Clock: 211 | Length of Queue: 0
[2025-03-05 04:02:20.879007] Internal Event | Logical Clock: 212
[2025-03-05 04:02:21.051908] Sent message to Machine 5002 | Logical Clock: 213
[2025-03-05 04:02:21.057437] Sent message to Machine 5003 | Logical Clock: 214
[2025-03-05 04:02:21.218284] Sent message to Machine 5003 | Logical Clock: 215
[2025-03-05 04:02:21.393492] Sent message to Machine 5002 | Logical Clock: 216
[2025-03-05 04:02:21.397752] Sent message to Machine 5003 | Logical Clock: 217
[2025-03-05 04:02:21.565763] Sent message to Machine 5002 | Logical Clock: 218
[2025-03-05 04:02:21.569877] Sent message to Machine 5003 | Logical Clock: 219
[2025-03-05 04:02:21.735037] Sent message to Machine 5003 | Logical Clock: 220
[2025-03-05 04:02:21.906775] Sent message to Machine 5002 | Logical Clock: 221
[2025-03-05 04:02:21.910853] Sent message to Machine 5003 | Logical Clock: 222
[2025-03-05 04:02:22.075518] Sent message to Machine 5002 | Logical Clock: 223
[2025-03-05 04:02:22.080156] Sent message to Machine 5003 | Logical Clock: 224
[2025-03-05 04:02:22.240484] Internal Event | Logical Clock: 225
[2025-03-05 04:02:22.414639] Sent message to Machine 5002 | Logical Clock: 226
[2025-03-05 04:02:22.418481] Sent message to Machine 5003 | Logical Clock: 227
[2025-03-05 04:02:22.585801] Sent message to Machine 5002 | Logical Clock: 228
[2025-03-05 04:02:22.756269] Sent message to Machine 5002 | Logical Clock: 229
[2025-03-05 04:02:22.919326] Internal Event | Logical Clock: 230
[2025-03-05 04:02:23.093863] Sent message to Machine 5002 | Logical Clock: 231
[2025-03-05 04:02:23.265638] Sent message to Machine 5002 | Logical Clock: 232
[2025-03-05 04:02:23.274337] Sent message to Machine 5003 | Logical Clock: 233
[2025-03-05 04:02:23.430960] Internal Event | Logical Clock: 234
[2025-03-05 04:02:23.601980] Internal Event | Logical Clock: 235
[2025-03-05 04:02:23.773695] Internal Event | Logical Clock: 236
[2025-03-05 04:02:23.882872] Queued message from Machine 3 with timestamp 236
[2025-03-05 04:02:23.943342] Processed message from Machine 3 | Logical Clock: 237 | Length of Queue: 0
[2025-03-05 04:02:24.119907] Sent message to Machine 5002 | Logical Clock: 238
[2025-03-05 04:02:24.286313] Internal Event | Logical Clock: 239
[2025-03-05 04:02:24.288975] Queued message from Machine 3 with timestamp 238
[2025-03-05 04:02:24.458115] Processed message from Machine 3 | Logical Clock: 240 | Length of Queue: 0
[2025-03-05 04:02:24.492843] Queued message from Machine 3 with timestamp 239
[2025-03-05 04:02:24.625593] Processed message from Machine 3 | Logical Clock: 241 | Length of Queue: 0
[2025-03-05 04:02:24.802608] Sent message to Machine 5002 | Logical Clock: 242
[2025-03-05 04:02:24.901509] Queued message from Machine 3 with timestamp 242
[2025-03-05 04:02:24.964933] Processed message from Machine 3 | Logical Clock: 243 | Length of Queue: 0
[2025-03-05 04:02:25.137091] Sent message to Machine 5003 | Logical Clock: 244
[2025-03-05 04:02:25.307361] Internal Event | Logical Clock: 245
[2025-03-05 04:02:25.483987] Sent message to Machine 5002 | Logical Clock: 246
[2025-03-05 04:02:25.487657] Sent message to Machine 5003 | Logical Clock: 247
[2025-03-05 04:02:25.653133] Sent message to Machine 5002 | Logical Clock: 248
[2025-03-05 04:02:25.658424] Sent message to Machine 5003 | Logical Clock: 249
[2025-03-05 04:02:25.826623] Sent message to Machine 5003 | Logical Clock: 250
[2025-03-05 04:02:25.995577] Sent message to Machine 5003 | Logical Clock: 251
[2025-03-05 04:02:26.163579] Sent message to Machine 5002 | Logical Clock: 252
[2025-03-05 04:02:26.338683] Sent message to Machine 5002 | Logical Clock: 253
[2025-03-05 04:02:26.343477] Sent message to Machine 5003 | Logical Clock: 254
[2025-03-05 04:02:26.507711] Sent message to Machine 5002 | Logical Clock: 255
[2025-03-05 04:02:26.510891] Sent message to Machine 5003 | Logical Clock: 256
[2025-03-05 04:02:26.678804] Sent message to Machine 5002 | Logical Clock: 257
[2025-03-05 04:02:26.849655] Sent message to Machine 5002 | Logical Clock: 258
[2025-03-05 04:02:26.853394] Sent message to Machine 5003 | Logical Clock: 259
[2025-03-05 04:02:27.015955] Internal Event | Logical Clock: 260
[2025-03-05 04:02:27.191513] Sent message to Machine 5002 | Logical Clock: 261
[2025-03-05 04:02:27.343468] Queued message from Machine 3 with timestamp 262
[2025-03-05 04:02:27.356921] Processed message from Machine 3 | Logical Clock: 263 | Length of Queue: 0
[2025-03-05 04:02:27.529616] Sent message to Machine 5003 | Logical Clock: 264
[2025-03-05 04:02:27.700033] Sent message to Machine 5003 | Logical Clock: 265
[2025-03-05 04:02:27.867327] Internal Event | Logical Clock: 266
[2025-03-05 04:02:27.957369] Queued message from Machine 3 with timestamp 267
[2025-03-05 04:02:28.035889] Processed message from Machine 3 | Logical Clock: 268 | Length of Queue: 0
[2025-03-05 04:02:28.209239] Sent message to Machine 5003 | Logical Clock: 269
[2025-03-05 04:02:28.378277] Sent message to Machine 5002 | Logical Clock: 270
[2025-03-05 04:02:28.383736] Sent message to Machine 5003 | Logical Clock: 271
[2025-03-05 04:02:28.550353] Sent message to Machine 5003 | Logical Clock: 272
[2025-03-05 04:02:28.717693] Internal Event | Logical Clock: 273
[2025-03-05 04:02:28.889419] Internal Event | Logical Clock: 274
[2025-03-05 04:02:29.065841] Sent message to Machine 5002 | Logical Clock: 275
[2025-03-05 04:02:29.072159] Sent message to Machine 5003 | Logical Clock: 276
[2025-03-05 04:02:29.233811] Sent message to Machine 5002 | Logical Clock: 277
[2025-03-05 04:02:29.237153] Sent message to Machine 5003 | Logical Clock: 278
[2025-03-05 04:02:29.404924] Sent message to Machine 5002 | Logical Clock: 279
[2025-03-05 04:02:29.574071] Sent message to Machine 5002 | Logical Clock: 280
[2025-03-05 04:02:29.737044] Internal Event | Logical Clock: 281
[2025-03-05 04:02:29.912900] Sent message to Machine 5002 | Logical Clock: 282
[2025-03-05 04:02:29.917044] Sent message to Machine 5003 | Logical Clock: 283
[2025-03-05 04:02:30.083834] Sent message to Machine 5002 | Logical Clock: 284
[2025-03-05 04:02:30.191085] Queued message from Machine 3 with timestamp 285
[2025-03-05 04:02:30.250663] Processed message from Machine 3 | Logical Clock: 286 | Length of Queue: 0
[2025-03-05 04:02:30.427506] Sent message to Machine 5003 | Logical Clock: 287
[2025-03-05 04:02:30.592812] Internal Event | Logical Clock: 288
[2025-03-05 04:02:30.769451] Sent message to Machine 5003 | Logical Clock: 289
[2025-03-05 04:02:30.938397] Sent message to Machine 5003 | Logical Clock: 290
[2025-03-05 04:02:31.102989] Internal Event | Logical Clock: 291
[2025-03-05 04:02:31.204833] Queued message from Machine 3 with timestamp 292
[2025-03-05 04:02:31.274302] Processed message from Machine 3 | Logical Clock: 293 | Length of Queue: 0
[2025-03-05 04:02:31.412648] Queued message from Machine 3 with timestamp 293
[2025-03-05 04:02:31.446314] Processed message from Machine 3 | Logical Clock: 294 | Length of Queue: 0
[2025-03-05 04:02:31.617840] Queued message from Machine 3 with timestamp 295
[2025-03-05 04:02:31.621204] Sent message to Machine 5002 | Logical Clock: 295
[2025-03-05 04:02:31.785631] Processed message from Machine 3 | Logical Clock: 296 | Length of Queue: 0
[2025-03-05 04:02:31.956450] Internal Event | Logical Clock: 297
[2025-03-05 04:02:32.133032] Sent message to Machine 5002 | Logical Clock: 298
[2025-03-05 04:02:32.298051] Internal Event | Logical Clock: 299
[2025-03-05 04:02:32.429283] Queued message from Machine 3 with timestamp 300
[2025-03-05 04:02:32.469865] Processed message from Machine 3 | Logical Clock: 301 | Length of Queue: 0
[2025-03-05 04:02:32.640842] Internal Event | Logical Clock: 302
[2025-03-05 04:02:32.817098] Sent message to Machine 5002 | Logical Clock: 303
[2025-03-05 04:02:32.823189] Sent message to Machine 5003 | Logical Clock: 304
[2025-03-05 04:02:32.984458] Sent message to Machine 5002 | Logical Clock: 305
[2025-03-05 04:02:32.989264] Sent message to Machine 5003 | Logical Clock: 306
[2025-03-05 04:02:33.151105] Internal Event | Logical Clock: 307
[2025-03-05 04:02:33.241453] Queued message from Machine 3 with timestamp 308
[2025-03-05 04:02:33.322406] Processed message from Machine 3 | Logical Clock: 309 | Length of Queue: 0
[2025-03-05 04:02:33.493765] Internal Event | Logical Clock: 310
[2025-03-05 04:02:33.669386] Sent message to Machine 5002 | Logical Clock: 311
[2025-03-05 04:02:33.836837] Internal Event | Logical Clock: 312
[2025-03-05 04:02:34.012916] Sent message to Machine 5002 | Logical Clock: 313
[2025-03-05 04:02:34.017062] Sent message to Machine 5003 | Logical Clock: 314
[2025-03-05 04:02:34.179642] Internal Event | Logical Clock: 315
[2025-03-05 04:02:34.259319] Queued message from Machine 3 with timestamp 316
[2025-03-05 04:02:34.351344] Processed message from Machine 3 | Logical Clock: 317 | Length of Queue: 0
[2025-03-05 04:02:34.524326] Sent message to Machine 5002 | Logical Clock: 318
[2025-03-05 04:02:34.525437] Sent message to Machine 5003 | Logical Clock: 319
[2025-03-05 04:02:34.694631] Internal Event | Logical Clock: 320
[2025-03-05 04:02:34.869838] Queued message from Machine 3 with timestamp 321
[2025-03-05 04:02:34.871159] Sent message to Machine 5002 | Logical Clock: 321
[2025-03-05 04:02:35.034793] Processed message from Machine 3 | Logical Clock: 322 | Length of Queue: 0
[2025-03-05 04:02:35.211223] Sent message to Machine 5002 | Logical Clock: 323
[2025-03-05 04:02:35.279483] Queued message from Machine 3 with timestamp 324
[2025-03-05 04:02:35.378085] Processed message from Machine 3 | Logical Clock: 325 | Length of Queue: 0
[2025-03-05 04:02:35.483854] Queued message from Machine 3 with timestamp 326
[2025-03-05 04:02:35.548827] Processed message from Machine 3 | Logical Clock: 327 | Length of Queue: 0
[2025-03-05 04:02:35.720162] Internal Event | Logical Clock: 328
[2025-03-05 04:02:35.889753] Internal Event | Logical Clock: 329
[2025-03-05 04:02:35.890574] Queued message from Machine 3 with timestamp 329
[2025-03-05 04:02:36.061659] Processed message from Machine 3 | Logical Clock: 330 | Length of Queue: 0
[2025-03-05 04:02:36.097006] Queued message from Machine 3 with timestamp 330
[2025-03-05 04:02:36.231129] Processed message from Machine 3 | Logical Clock: 331 | Length of Queue: 0
[2025-03-05 04:02:36.300359] Queued message from Machine 3 with timestamp 332
[2025-03-05 04:02:36.403112] Processed message from Machine 3 | Logical Clock: 333 | Length of Queue: 0
[2025-03-05 04:02:36.574495] Internal Event | Logical Clock: 334
[2025-03-05 04:02:36.749896] Sent message to Machine 5003 | Logical Clock: 335
[2025-03-05 04:02:36.924767] Sent message to Machine 5002 | Logical Clock: 336
[2025-03-05 04:02:36.930577] Sent message to Machine 5003 | Logical Clock: 337
[2025-03-05 04:02:37.093432] Sent message to Machine 5003 | Logical Clock: 338
[2025-03-05 04:02:37.258612] Internal Event | Logical Clock: 339
[2025-03-05 04:02:37.434981] Sent message to Machine 5003 | Logical Clock: 340
[2025-03-05 04:02:37.604136] Sent message to Machine 5003 | Logical Clock: 341
[2025-03-05 04:02:37.770167] Internal Event | Logical Clock: 342
[2025-03-05 04:02:37.940142] Internal Event | Logical Clock: 343
[2025-03-05 04:02:38.117083] Sent message to Machine 5002 | Logical Clock: 344
[2025-03-05 04:02:38.281766] Internal Event | Logical Clock: 345
[2025-03-05 04:02:38.452544] Internal Event | Logical Clock: 346
[2025-03-05 04:02:38.550052] Queued message from Machine 3 with timestamp 346
[2025-03-05 04:02:38.622941] Processed message from Machine 3 | Logical Clock: 347 | Length of Queue: 0
[2025-03-05 04:02:38.755399] Queued message from Machine 3 with timestamp 347
[2025-03-05 04:02:38.793493] Processed message from Machine 3 | Logical Clock: 348 | Length of Queue: 0
[2025-03-05 04:02:38.961287] Internal Event | Logical Clock: 349
[2025-03-05 04:02:39.135600] Sent message to Machine 5003 | Logical Clock: 350
[2025-03-05 04:02:39.308188] Sent message to Machine 5003 | Logical Clock: 351
[2025-03-05 04:02:39.472136] Internal Event | Logical Clock: 352
[2025-03-05 04:02:39.569116] Queued message from Machine 3 with timestamp 353
[2025-03-05 04:02:39.640108] Processed message from Machine 3 | Logical Clock: 354 | Length of Queue: 0
[2025-03-05 04:02:39.774113] Queued message from Machine 3 with timestamp 354
[2025-03-05 04:02:39.809951] Processed message from Machine 3 | Logical Clock: 355 | Length of Queue: 0
[2025-03-05 04:02:39.983890] Sent message to Machine 5003 | Logical Clock: 356
[2025-03-05 04:02:40.150926] Sent message to Machine 5002 | Logical Clock: 357
[2025-03-05 04:02:40.152234] Sent message to Machine 5003 | Logical Clock: 358
[2025-03-05 04:02:40.325886] Sent message to Machine 5002 | Logical Clock: 359
[2025-03-05 04:02:40.330006] Sent message to Machine 5003 | Logical Clock: 360
[2025-03-05 04:02:40.500804] Sent message to Machine 5003 | Logical Clock: 361
[2025-03-05 04:02:40.666766] Sent message to Machine 5002 | Logical Clock: 362
[2025-03-05 04:02:40.671310] Sent message to Machine 5003 | Logical Clock: 363
[2025-03-05 04:02:40.833389] Internal Event | Logical Clock: 364
[2025-03-05 04:02:41.005717] Internal Event | Logical Clock: 365
[2025-03-05 04:02:41.178119] Sent message to Machine 5002 | Logical Clock: 366
[2025-03-05 04:02:41.179278] Sent message to Machine 5003 | Logical Clock: 367
[2025-03-05 04:02:41.351981] Sent message to Machine 5002 | Logical Clock: 368
[2025-03-05 04:02:41.357215] Sent message to Machine 5003 | Logical Clock: 369
[2025-03-05 04:02:41.524117] Sent message to Machine 5003 | Logical Clock: 370
[2025-03-05 04:02:41.688286] Internal Event | Logical Clock: 371
[2025-03-05 04:02:41.856545] Internal Event | Logical Clock: 372
[2025-03-05 04:02:42.013993] Queued message from Machine 3 with timestamp 373
[2025-03-05 04:02:42.025803] Processed message from Machine 3 | Logical Clock: 374 | Length of Queue: 0
[2025-03-05 04:02:42.201831] Sent message to Machine 5002 | Logical Clock: 375
[2025-03-05 04:02:42.374767] Sent message to Machine 5003 | Logical Clock: 376
[2025-03-05 04:02:42.540144] Sent message to Machine 5003 | Logical Clock: 377
[2025-03-05 04:02:42.711596] Sent message to Machine 5003 | Logical Clock: 378
[2025-03-05 04:02:42.878237] Internal Event | Logical Clock: 379
[2025-03-05 04:02:43.045463] Internal Event | Logical Clock: 380
[2025-03-05 04:02:43.219484] Sent message to Machine 5002 | Logical Clock: 381
[2025-03-05 04:02:43.393614] Sent message to Machine 5002 | Logical Clock: 382
[2025-03-05 04:02:43.397615] Sent message to Machine 5003 | Logical Clock: 383
[2025-03-05 04:02:43.562075] Sent message to Machine 5002 | Logical Clock: 384
[2025-03-05 04:02:43.732214] Sent message to Machine 5002 | Logical Clock: 385
[2025-03-05 04:02:43.899696] Sent message to Machine 5003 | Logical Clock: 386
[2025-03-05 04:02:44.070214] Sent message to Machine 5002 | Logical Clock: 387
[2025-03-05 04:02:44.072032] Sent message to Machine 5003 | Logical Clock: 388
[2025-03-05 04:02:44.239519] Internal Event | Logical Clock: 389
[2025-03-05 04:02:44.410933] Internal Event | Logical Clock: 390
[2025-03-05 04:02:44.582786] Internal Event | Logical Clock: 391
[2025-03-05 04:02:44.754095] Internal Event | Logical Clock: 392
[2025-03-05 04:02:44.867643] Queued message from Machine 3 with timestamp 392
[2025-03-05 04:02:44.925331] Processed message from Machine 3 | Logical Clock: 393 | Length of Queue: 0
[2025-03-05 04:02:45.097646] Sent message to Machine 5002 | Logical Clock: 394
[2025-03-05 04:02:45.265973] Internal Event | Logical Clock: 395
[2025-03-05 04:02:45.441294] Sent message to Machine 5003 | Logical Clock: 396
[2025-03-05 04:02:45.612260] Sent message to Machine 5002 | Logical Clock: 397
[2025-03-05 04:02:45.614430] Sent message to Machine 5003 | Logical Clock: 398
[2025-03-05 04:02:45.781318] Internal Event | Logical Clock: 399
[2025-03-05 04:02:45.889761] Queued message from Machine 3 with timestamp 400
[2025-03-05 04:02:45.952997] Processed message from Machine 3 | Logical Clock: 401 | Length of Queue: 0
[2025-03-05 04:02:46.124528] Internal Event | Logical Clock: 402
[2025-03-05 04:02:46.296150] Internal Event | Logical Clock: 403
[2025-03-05 04:02:46.469487] Sent message to Machine 5002 | Logical Clock: 404
[2025-03-05 04:02:46.636082] Sent message to Machine 5003 | Logical Clock: 405
[2025-03-05 04:02:46.800790] Internal Event | Logical Clock: 406
[2025-03-05 04:02:46.972462] Internal Event | Logical Clock: 407
[2025-03-05 04:02:47.142597] Sent message to Machine 5002 | Logical Clock: 408
[2025-03-05 04:02:47.143953] Sent message to Machine 5003 | Logical Clock: 409
[2025-03-05 04:02:47.312977] Internal Event | Logical Clock: 410
[2025-03-05 04:02:47.480634] Internal Event | Logical Clock: 411
[2025-03-05 04:02:47.648821] Internal Event | Logical Clock: 412
[2025-03-05 04:02:47.723850] Queued message from Machine 3 with timestamp 412
[2025-03-05 04:02:47.820875] Processed message from Machine 3 | Logical Clock: 413 | Length of Queue: 0
[2025-03-05 04:02:47.925964] Queued message from Machine 3 with timestamp 413
[2025-03-05 04:02:47.992248] Processed message from Machine 3 | Logical Clock: 414 | Length of Queue: 0
[2025-03-05 04:02:48.128082] Queued message from Machine 3 with timestamp 414
[2025-03-05 04:02:48.162459] Processed message from Machine 3 | Logical Clock: 415 | Length of Queue: 0
[2025-03-05 04:02:48.330963] Queued message from Machine 3 with timestamp 415
[2025-03-05 04:02:48.332021] Processed message from Machine 3 | Logical Clock: 416 | Length of Queue: 0
[2025-03-05 04:02:48.506881] Sent message to Machine 5002 | Logical Clock: 417
[2025-03-05 04:02:48.510972] Sent message to Machine 5003 | Logical Clock: 418
[2025-03-05 04:02:48.671929] Internal Event | Logical Clock: 419
[2025-03-05 04:02:48.842430] Internal Event | Logical Clock: 420
[2025-03-05 04:02:48.940134] Queued message from Machine 3 with timestamp 421
[2025-03-05 04:02:49.012920] Processed message from Machine 3 | Logical Clock: 422 | Length of Queue: 0
[2025-03-05 04:02:49.145704] Queued message from Machine 3 with timestamp 422
[2025-03-05 04:02:49.184946] Processed message from Machine 3 | Logical Clock: 423 | Length of Queue: 0
[2025-03-05 04:02:49.360969] Sent message to Machine 5003 | Logical Clock: 424
[2025-03-05 04:02:49.528646] Sent message to Machine 5002 | Logical Clock: 425
[2025-03-05 04:02:49.532414] Sent message to Machine 5003 | Logical Clock: 426
[2025-03-05 04:02:49.700478] Sent message to Machine 5002 | Logical Clock: 427
[2025-03-05 04:02:49.868608] Sent message to Machine 5002 | Logical Clock: 428
[2025-03-05 04:02:50.042903] Sent message to Machine 5002 | Logical Clock: 429
[2025-03-05 04:02:50.046572] Sent message to Machine 5003 | Logical Clock: 430
[2025-03-05 04:02:50.213271] Sent message to Machine 5002 | Logical Clock: 431
[2025-03-05 04:02:50.384314] Sent message to Machine 5002 | Logical Clock: 432
[2025-03-05 04:02:50.389768] Sent message to Machine 5003 | Logical Clock: 433
[2025-03-05 04:02:50.554202] Sent message to Machine 5002 | Logical Clock: 434
[2025-03-05 04:02:50.716167] Internal Event | Logical Clock: 435
[2025-03-05 04:02:50.890983] Sent message to Machine 5002 | Logical Clock: 436
[2025-03-05 04:02:50.975066] Queued message from Machine 3 with timestamp 436
[2025-03-05 04:02:51.057251] Processed message from Machine 3 | Logical Clock: 437 | Length of Queue: 0
[2025-03-05 04:02:51.228510] Internal Event | Logical Clock: 438
[2025-03-05 04:02:51.383296] Queued message from Machine 3 with timestamp 439
[2025-03-05 04:02:51.400288] Processed message from Machine 3 | Logical Clock: 440 | Length of Queue: 0
[2025-03-05 04:02:51.570127] Internal Event | Logical Clock: 441
[2025-03-05 04:02:51.586017] Queued message from Machine 3 with timestamp 441
[2025-03-05 04:02:51.737979] Processed message from Machine 3 | Logical Clock: 442 | Length of Queue: 0
[2025-03-05 04:02:51.912727] Sent message to Machine 5002 | Logical Clock: 443
[2025-03-05 04:02:52.079185] Sent message to Machine 5002 | Logical Clock: 444
[2025-03-05 04:02:52.080664] Sent message to Machine 5003 | Logical Clock: 445
[2025-03-05 04:02:52.253541] Sent message to Machine 5002 | Logical Clock: 446
[2025-03-05 04:02:52.257619] Sent message to Machine 5003 | Logical Clock: 447
[2025-03-05 04:02:52.423448] Sent message to Machine 5003 | Logical Clock: 448
[2025-03-05 04:02:52.594726] Sent message to Machine 5002 | Logical Clock: 449
[2025-03-05 04:02:52.598933] Sent message to Machine 5003 | Logical Clock: 450
[2025-03-05 04:02:52.766738] Sent message to Machine 5002 | Logical Clock: 451
[2025-03-05 04:02:52.775644] Sent message to Machine 5003 | Logical Clock: 452
[2025-03-05 04:02:52.931743] Internal Event | Logical Clock: 453
[2025-03-05 04:02:53.109285] Sent message to Machine 5003 | Logical Clock: 454
[2025-03-05 04:02:53.278701] Sent message to Machine 5002 | Logical Clock: 455
[2025-03-05 04:02:53.415600] Queued message from Machine 3 with timestamp 456
[2025-03-05 04:02:53.444241] Processed message from Machine 3 | Logical Clock: 457 | Length of Queue: 0
[2025-03-05 04:02:53.613775] Sent message to Machine 5002 | Logical Clock: 458
[2025-03-05 04:02:53.790337] Sent message to Machine 5002 | Logical Clock: 459
[2025-03-05 04:02:53.793500] Sent message to Machine 5003 | Logical Clock: 460
[2025-03-05 04:02:53.959757] Sent message to Machine 5002 | Logical Clock: 461
[2025-03-05 04:02:54.025813] Queued message from Machine 3 with timestamp 462
[2025-03-05 04:02:54.121636] Processed message from Machine 3 | Logical Clock: 463 | Length of Queue: 0
[2025-03-05 04:02:54.293249] Internal Event | Logical Clock: 464
[2025-03-05 04:02:54.432471] Queued message from Machine 3 with timestamp 464
[2025-03-05 04:02:54.462082] Processed message from Machine 3 | Logical Clock: 465 | Length of Queue: 0
[2025-03-05 04:02:54.639385] Sent message to Machine 5002 | Logical Clock: 466
[2025-03-05 04:02:54.643482] Sent message to Machine 5003 | Logical Clock: 467
[2025-03-05 04:02:54.805510] Internal Event | Logical Clock: 468
[2025-03-05 04:02:54.983274] Sent message to Machine 5003 | Logical Clock: 469
[2025-03-05 04:02:55.149095] Internal Event | Logical Clock: 470
[2025-03-05 04:02:55.247731] Queued message from Machine 3 with timestamp 471
[2025-03-05 04:02:55.320063] Processed message from Machine 3 | Logical Clock: 472 | Length of Queue: 0
[2025-03-05 04:02:55.448574] Queued message from Machine 3 with timestamp 473
[2025-03-05 04:02:55.489363] Processed message from Machine 3 | Logical Clock: 474 | Length of Queue: 0
[2025-03-05 04:02:55.661337] Sent message to Machine 5002 | Logical Clock: 475
[2025-03-05 04:02:55.833497] Sent message to Machine 5002 | Logical Clock: 476
[2025-03-05 04:02:55.837694] Sent message to Machine 5003 | Logical Clock: 477
[2025-03-05 04:02:55.997112] Internal Event | Logical Clock: 478
[2025-03-05 04:02:56.058121] Queued message from Machine 3 with timestamp 479
[2025-03-05 04:02:56.167205] Processed message from Machine 3 | Logical Clock: 480 | Length of Queue: 0
[2025-03-05 04:02:56.256213] Queued message from Machine 3 with timestamp 481
[2025-03-05 04:02:56.334001] Processed message from Machine 3 | Logical Clock: 482 | Length of Queue: 0
[2025-03-05 04:02:56.463317] Queued message from Machine 3 with timestamp 483
[2025-03-05 04:02:56.506021] Processed message from Machine 3 | Logical Clock: 484 | Length of Queue: 0
[2025-03-05 04:02:56.676632] Internal Event | Logical Clock: 485
[2025-03-05 04:02:56.848080] Internal Event | Logical Clock: 486
