[2025-03-05 03:51:34.021190] Started with clock speed 3
[2025-03-05 03:51:34.021323] Internal Event | Logical Clock: 1
[2025-03-05 03:51:34.028418] Queued message from Machine 3 with timestamp 2
[2025-03-05 03:51:34.360171] Processed message from Machine 3 | Logical Clock: 3 | Length of Queue: 0
[2025-03-05 03:51:34.698573] Internal Event | Logical Clock: 4
[2025-03-05 03:51:35.046089] Sent message to Machine 5001 | Logical Clock: 5
[2025-03-05 03:51:35.377197] Sent message to Machine 5001 | Logical Clock: 6
[2025-03-05 03:51:35.716085] Sent message to Machine 5001 | Logical Clock: 7
[2025-03-05 03:51:36.045693] Internal Event | Logical Clock: 8
[2025-03-05 03:51:36.384243] Internal Event | Logical Clock: 9
[2025-03-05 03:51:36.726692] Sent message to Machine 5001 | Logical Clock: 10
[2025-03-05 03:51:36.730850] Sent message to Machine 5003 | Logical Clock: 11
[2025-03-05 03:51:37.057066] Internal Event | Logical Clock: 12
[2025-03-05 03:51:37.400966] Sent message to Machine 5003 | Logical Clock: 13
[2025-03-05 03:51:37.732160] Internal Event | Logical Clock: 14
[2025-03-05 03:51:38.074607] Sent message to Machine 5001 | Logical Clock: 15
[2025-03-05 03:51:38.413615] Sent message to Machine 5003 | Logical Clock: 16
[2025-03-05 03:51:38.751479] Sent message to Machine 5001 | Logical Clock: 17
[2025-03-05 03:51:39.085154] Internal Event | Logical Clock: 18
[2025-03-05 03:51:39.428933] Sent message to Machine 5001 | Logical Clock: 19
[2025-03-05 03:51:39.767174] Sent message to Machine 5001 | Logical Clock: 20
[2025-03-05 03:51:39.771594] Sent message to Machine 5003 | Logical Clock: 21
[2025-03-05 03:51:40.105118] Sent message to Machine 5001 | Logical Clock: 22
[2025-03-05 03:51:40.443672] Sent message to Machine 5003 | Logical Clock: 23
[2025-03-05 03:51:40.775002] Internal Event | Logical Clock: 24
[2025-03-05 03:51:41.108387] Internal Event | Logical Clock: 25
[2025-03-05 03:51:41.445031] Internal Event | Logical Clock: 26
[2025-03-05 03:51:41.786804] Sent message to Machine 5001 | Logical Clock: 27
[2025-03-05 03:51:41.790772] Sent message to Machine 5003 | Logical Clock: 28
[2025-03-05 03:51:42.119994] Sent message to Machine 5003 | Logical Clock: 29
[2025-03-05 03:51:42.456451] Internal Event | Logical Clock: 30
[2025-03-05 03:51:42.794947] Sent message to Machine 5001 | Logical Clock: 31
[2025-03-05 03:51:42.798692] Sent message to Machine 5003 | Logical Clock: 32
[2025-03-05 03:51:43.133590] Sent message to Machine 5001 | Logical Clock: 33
[2025-03-05 03:51:43.137527] Sent message to Machine 5003 | Logical Clock: 34
[2025-03-05 03:51:43.463179] Internal Event | Logical Clock: 35
[2025-03-05 03:51:43.798432] Internal Event | Logical Clock: 36
[2025-03-05 03:51:44.141522] Sent message to Machine 5001 | Logical Clock: 37
[2025-03-05 03:51:44.473475] Internal Event | Logical Clock: 38
[2025-03-05 03:51:44.816490] Sent message to Machine 5001 | Logical Clock: 39
[2025-03-05 03:51:45.150691] Sent message to Machine 5003 | Logical Clock: 40
[2025-03-05 03:51:45.483808] Internal Event | Logical Clock: 41
[2025-03-05 03:51:45.822732] Sent message to Machine 5001 | Logical Clock: 42
[2025-03-05 03:51:46.158661] Sent message to Machine 5001 | Logical Clock: 43
[2025-03-05 03:51:46.160385] Sent message to Machine 5003 | Logical Clock: 44
[2025-03-05 03:51:46.496396] Sent message to Machine 5001 | Logical Clock: 45
[2025-03-05 03:51:46.832648] Internal Event | Logical Clock: 46
[2025-03-05 03:51:47.172107] Internal Event | Logical Clock: 47
[2025-03-05 03:51:47.505436] Internal Event | Logical Clock: 48
[2025-03-05 03:51:47.851303] Sent message to Machine 5003 | Logical Clock: 49
[2025-03-05 03:51:48.179622] Internal Event | Logical Clock: 50
[2025-03-05 03:51:48.516635] Sent message to Machine 5003 | Logical Clock: 51
[2025-03-05 03:51:48.859230] Sent message to Machine 5001 | Logical Clock: 52
[2025-03-05 03:51:49.190276] Internal Event | Logical Clock: 53
[2025-03-05 03:51:49.533631] Sent message to Machine 5001 | Logical Clock: 54
[2025-03-05 03:51:49.871463] Sent message to Machine 5001 | Logical Clock: 55
[2025-03-05 03:51:49.875119] Sent message to Machine 5003 | Logical Clock: 56
[2025-03-05 03:51:50.206596] Sent message to Machine 5003 | Logical Clock: 57
[2025-03-05 03:51:50.540385] Internal Event | Logical Clock: 58
[2025-03-05 03:51:50.880756] Sent message to Machine 5003 | Logical Clock: 59
[2025-03-05 03:51:51.213799] Internal Event | Logical Clock: 60
[2025-03-05 03:51:51.551961] Sent message to Machine 5001 | Logical Clock: 61
[2025-03-05 03:51:51.555363] Sent message to Machine 5003 | Logical Clock: 62
[2025-03-05 03:51:51.890463] Sent message to Machine 5001 | Logical Clock: 63
[2025-03-05 03:51:51.894329] Sent message to Machine 5003 | Logical Clock: 64
[2025-03-05 03:51:52.222040] Internal Event | Logical Clock: 65
[2025-03-05 03:51:52.557829] Internal Event | Logical Clock: 66
[2025-03-05 03:51:52.897700] Sent message to Machine 5001 | Logical Clock: 67
[2025-03-05 03:51:53.236607] Sent message to Machine 5001 | Logical Clock: 68
[2025-03-05 03:51:53.240707] Sent message to Machine 5003 | Logical Clock: 69
[2025-03-05 03:51:53.574844] Sent message to Machine 5003 | Logical Clock: 70
[2025-03-05 03:51:53.912457] Sent message to Machine 5003 | Logical Clock: 71
[2025-03-05 03:51:54.249948] Sent message to Machine 5003 | Logical Clock: 72
[2025-03-05 03:51:54.580933] Internal Event | Logical Clock: 73
[2025-03-05 03:51:54.919131] Internal Event | Logical Clock: 74
[2025-03-05 03:51:55.260591] Sent message to Machine 5001 | Logical Clock: 75
[2025-03-05 03:51:55.264538] Sent message to Machine 5003 | Logical Clock: 76
[2025-03-05 03:51:55.594552] Sent message to Machine 5001 | Logical Clock: 77
[2025-03-05 03:51:55.933551] Sent message to Machine 5003 | Logical Clock: 78
[2025-03-05 03:51:56.267869] Sent message to Machine 5003 | Logical Clock: 79
[2025-03-05 03:51:56.601411] Internal Event | Logical Clock: 80
[2025-03-05 03:51:56.939757] Internal Event | Logical Clock: 81
[2025-03-05 03:51:57.278092] Internal Event | Logical Clock: 82
[2025-03-05 03:51:57.616506] Internal Event | Logical Clock: 83
[2025-03-05 03:51:57.960017] Sent message to Machine 5001 | Logical Clock: 84
[2025-03-05 03:51:58.293217] Internal Event | Logical Clock: 85
[2025-03-05 03:51:58.631623] Internal Event | Logical Clock: 86
[2025-03-05 03:51:58.973853] Sent message to Machine 5003 | Logical Clock: 87
[2025-03-05 03:51:59.310633] Sent message to Machine 5001 | Logical Clock: 88
[2025-03-05 03:51:59.649599] Sent message to Machine 5001 | Logical Clock: 89
[2025-03-05 03:51:59.984456] Sent message to Machine 5001 | Logical Clock: 90
[2025-03-05 03:51:59.986406] Sent message to Machine 5003 | Logical Clock: 91
[2025-03-05 03:52:00.324825] Sent message to Machine 5001 | Logical Clock: 92
[2025-03-05 03:52:00.662037] Sent message to Machine 5003 | Logical Clock: 93
[2025-03-05 03:52:01.000724] Sent message to Machine 5001 | Logical Clock: 94
[2025-03-05 03:52:01.004841] Sent message to Machine 5003 | Logical Clock: 95
[2025-03-05 03:52:01.338539] Sent message to Machine 5003 | Logical Clock: 96
[2025-03-05 03:52:01.676371] Sent message to Machine 5001 | Logical Clock: 97
[2025-03-05 03:52:02.010306] Internal Event | Logical Clock: 98
[2025-03-05 03:52:02.353694] Sent message to Machine 5001 | Logical Clock: 99
[2025-03-05 03:52:02.692113] Sent message to Machine 5001 | Logical Clock: 100
[2025-03-05 03:52:02.696480] Sent message to Machine 5003 | Logical Clock: 101
[2025-03-05 03:52:03.029471] Sent message to Machine 5001 | Logical Clock: 102
[2025-03-05 03:52:03.033566] Sent message to Machine 5003 | Logical Clock: 103
[2025-03-05 03:52:03.367271] Sent message to Machine 5003 | Logical Clock: 104
[2025-03-05 03:52:03.700341] Internal Event | Logical Clock: 105
[2025-03-05 03:52:04.036628] Internal Event | Logical Clock: 106
[2025-03-05 03:52:04.375041] Internal Event | Logical Clock: 107
[2025-03-05 03:52:04.716350] Sent message to Machine 5001 | Logical Clock: 108
[2025-03-05 03:52:04.721030] Sent message to Machine 5003 | Logical Clock: 109
[2025-03-05 03:52:05.054244] Sent message to Machine 5001 | Logical Clock: 110
[2025-03-05 03:52:05.383681] Internal Event | Logical Clock: 111
[2025-03-05 03:52:05.719099] Sent message to Machine 5001 | Logical Clock: 112
[2025-03-05 03:52:06.061005] Sent message to Machine 5003 | Logical Clock: 113
[2025-03-05 03:52:06.392214] Internal Event | Logical Clock: 114
[2025-03-05 03:52:06.735514] Sent message to Machine 5003 | Logical Clock: 115
[2025-03-05 03:52:07.068691] Internal Event | Logical Clock: 116
[2025-03-05 03:52:07.407251] Internal Event | Logical Clock: 117
[2025-03-05 03:52:07.745673] Internal Event | Logical Clock: 118
[2025-03-05 03:52:08.080651] Internal Event | Logical Clock: 119
[2025-03-05 03:52:08.419043] Internal Event | Logical Clock: 120
[2025-03-05 03:52:08.762254] Sent message to Machine 5003 | Logical Clock: 121
[2025-03-05 03:52:09.100945] Sent message to Machine 5001 | Logical Clock: 122
[2025-03-05 03:52:09.105596] Sent message to Machine 5003 | Logical Clock: 123
[2025-03-05 03:52:09.434107] Internal Event | Logical Clock: 124
[2025-03-05 03:52:09.772463] Internal Event | Logical Clock: 125
[2025-03-05 03:52:10.116003] Sent message to Machine 5001 | Logical Clock: 126
[2025-03-05 03:52:10.119880] Sent message to Machine 5003 | Logical Clock: 127
[2025-03-05 03:52:10.453724] Sent message to Machine 5003 | Logical Clock: 128
[2025-03-05 03:52:10.792346] Sent message to Machine 5003 | Logical Clock: 129
[2025-03-05 03:52:11.129755] Sent message to Machine 5001 | Logical Clock: 130
[2025-03-05 03:52:11.133857] Sent message to Machine 5003 | Logical Clock: 131
[2025-03-05 03:52:11.467140] Sent message to Machine 5003 | Logical Clock: 132
[2025-03-05 03:52:11.797797] Internal Event | Logical Clock: 133
[2025-03-05 03:52:12.138186] Sent message to Machine 5001 | Logical Clock: 134
[2025-03-05 03:52:12.478830] Sent message to Machine 5001 | Logical Clock: 135
[2025-03-05 03:52:12.483199] Sent message to Machine 5003 | Logical Clock: 136
[2025-03-05 03:52:12.811468] Internal Event | Logical Clock: 137
[2025-03-05 03:52:13.152279] Sent message to Machine 5001 | Logical Clock: 138
[2025-03-05 03:52:13.159871] Sent message to Machine 5003 | Logical Clock: 139
[2025-03-05 03:52:13.489749] Sent message to Machine 5001 | Logical Clock: 140
[2025-03-05 03:52:13.819396] Internal Event | Logical Clock: 141
[2025-03-05 03:52:14.162725] Sent message to Machine 5001 | Logical Clock: 142
[2025-03-05 03:52:14.497655] Sent message to Machine 5001 | Logical Clock: 143
[2025-03-05 03:52:14.502041] Sent message to Machine 5003 | Logical Clock: 144
[2025-03-05 03:52:14.836134] Sent message to Machine 5001 | Logical Clock: 145
[2025-03-05 03:52:15.172167] Sent message to Machine 5001 | Logical Clock: 146
[2025-03-05 03:52:15.175988] Sent message to Machine 5003 | Logical Clock: 147
[2025-03-05 03:52:15.510246] Sent message to Machine 5001 | Logical Clock: 148
[2025-03-05 03:52:15.849081] Sent message to Machine 5001 | Logical Clock: 149
[2025-03-05 03:52:16.188310] Sent message to Machine 5001 | Logical Clock: 150
[2025-03-05 03:52:16.194628] Sent message to Machine 5003 | Logical Clock: 151
[2025-03-05 03:52:16.520107] Internal Event | Logical Clock: 152
[2025-03-05 03:52:16.863052] Sent message to Machine 5001 | Logical Clock: 153
[2025-03-05 03:52:16.867155] Sent message to Machine 5003 | Logical Clock: 154
[2025-03-05 03:52:17.222212] Sent message to Machine 5001 | Logical Clock: 155
[2025-03-05 03:52:17.539004] Sent message to Machine 5001 | Logical Clock: 156
[2025-03-05 03:52:17.872743] Internal Event | Logical Clock: 157
[2025-03-05 03:52:18.210062] Internal Event | Logical Clock: 158
[2025-03-05 03:52:18.548505] Internal Event | Logical Clock: 159
[2025-03-05 03:52:18.886879] Internal Event | Logical Clock: 160
[2025-03-05 03:52:19.227285] Sent message to Machine 5003 | Logical Clock: 161
[2025-03-05 03:52:19.566809] Sent message to Machine 5001 | Logical Clock: 162
[2025-03-05 03:52:19.570813] Sent message to Machine 5003 | Logical Clock: 163
[2025-03-05 03:52:19.905006] Sent message to Machine 5003 | Logical Clock: 164
[2025-03-05 03:52:20.237651] Internal Event | Logical Clock: 165
[2025-03-05 03:52:20.580903] Sent message to Machine 5001 | Logical Clock: 166
[2025-03-05 03:52:20.918865] Sent message to Machine 5001 | Logical Clock: 167
[2025-03-05 03:52:21.256844] Sent message to Machine 5001 | Logical Clock: 168
[2025-03-05 03:52:21.260198] Sent message to Machine 5003 | Logical Clock: 169
[2025-03-05 03:52:21.595881] Sent message to Machine 5001 | Logical Clock: 170
[2025-03-05 03:52:21.929176] Internal Event | Logical Clock: 171
[2025-03-05 03:52:22.265814] Internal Event | Logical Clock: 172
[2025-03-05 03:52:22.604164] Internal Event | Logical Clock: 173
[2025-03-05 03:52:22.939837] Internal Event | Logical Clock: 174
[2025-03-05 03:52:23.273413] Internal Event | Logical Clock: 175
[2025-03-05 03:52:23.616608] Sent message to Machine 5001 | Logical Clock: 176
[2025-03-05 03:52:23.950451] Sent message to Machine 5003 | Logical Clock: 177
[2025-03-05 03:52:24.285631] Sent message to Machine 5001 | Logical Clock: 178
[2025-03-05 03:52:24.291468] Sent message to Machine 5003 | Logical Clock: 179
[2025-03-05 03:52:24.622567] Sent message to Machine 5001 | Logical Clock: 180
[2025-03-05 03:52:24.626600] Sent message to Machine 5003 | Logical Clock: 181
[2025-03-05 03:52:24.958829] Sent message to Machine 5001 | Logical Clock: 182
[2025-03-05 03:52:25.294894] Sent message to Machine 5001 | Logical Clock: 183
[2025-03-05 03:52:25.299923] Sent message to Machine 5003 | Logical Clock: 184
[2025-03-05 03:52:25.630538] Sent message to Machine 5003 | Logical Clock: 185
[2025-03-05 03:52:25.964342] Internal Event | Logical Clock: 186
[2025-03-05 03:52:26.302734] Internal Event | Logical Clock: 187
[2025-03-05 03:52:26.642306] Sent message to Machine 5001 | Logical Clock: 188
[2025-03-05 03:52:26.980795] Sent message to Machine 5001 | Logical Clock: 189
[2025-03-05 03:52:27.312859] Internal Event | Logical Clock: 190
[2025-03-05 03:52:27.651783] Sent message to Machine 5001 | Logical Clock: 191
[2025-03-05 03:52:27.655947] Sent message to Machine 5003 | Logical Clock: 192
[2025-03-05 03:52:27.985476] Sent message to Machine 5001 | Logical Clock: 193
[2025-03-05 03:52:27.989652] Sent message to Machine 5003 | Logical Clock: 194
[2025-03-05 03:52:28.314381] Internal Event | Logical Clock: 195
[2025-03-05 03:52:28.649360] Internal Event | Logical Clock: 196
[2025-03-05 03:52:28.992632] Sent message to Machine 5003 | Logical Clock: 197
[2025-03-05 03:52:29.330544] Sent message to Machine 5003 | Logical Clock: 198
[2025-03-05 03:52:29.664226] Internal Event | Logical Clock: 199
[2025-03-05 03:52:30.013246] Sent message to Machine 5001 | Logical Clock: 200
[2025-03-05 03:52:30.015488] Sent message to Machine 5003 | Logical Clock: 201
[2025-03-05 03:52:30.346690] Sent message to Machine 5001 | Logical Clock: 202
[2025-03-05 03:52:30.683793] Sent message to Machine 5001 | Logical Clock: 203
[2025-03-05 03:52:31.018881] Internal Event | Logical Clock: 204
[2025-03-05 03:52:31.357348] Internal Event | Logical Clock: 205
[2025-03-05 03:52:31.695769] Sent message to Machine 5003 | Logical Clock: 206
[2025-03-05 03:52:32.025508] Internal Event | Logical Clock: 207
[2025-03-05 03:52:32.369523] Sent message to Machine 5001 | Logical Clock: 208
[2025-03-05 03:52:32.373588] Sent message to Machine 5003 | Logical Clock: 209
[2025-03-05 03:52:32.706814] Sent message to Machine 5001 | Logical Clock: 210
[2025-03-05 03:52:33.042723] Sent message to Machine 5001 | Logical Clock: 211
[2025-03-05 03:52:33.380957] Sent message to Machine 5001 | Logical Clock: 212
[2025-03-05 03:52:33.385999] Sent message to Machine 5003 | Logical Clock: 213
[2025-03-05 03:52:33.718706] Sent message to Machine 5001 | Logical Clock: 214
[2025-03-05 03:52:34.055518] Sent message to Machine 5001 | Logical Clock: 215
[2025-03-05 03:52:34.394819] Sent message to Machine 5001 | Logical Clock: 216
[2025-03-05 03:52:34.398439] Sent message to Machine 5003 | Logical Clock: 217
[2025-03-05 03:52:34.723104] Internal Event | Logical Clock: 218
[2025-03-05 03:52:35.061981] Sent message to Machine 5001 | Logical Clock: 219
[2025-03-05 03:52:35.066710] Sent message to Machine 5003 | Logical Clock: 220
[2025-03-05 03:52:35.397027] Sent message to Machine 5001 | Logical Clock: 221
